[debug] [2026-05-17T20:18:50.443Z] ----------------------------------------------------------------------
[debug] [2026-05-17T20:18:50.450Z] Command:       C:\Program Files\nodejs\node.exe C:\Users\julia\AppData\Roaming\npm\node_modules\firebase-tools\lib\bin\firebase.js deploy --only functions
[debug] [2026-05-17T20:18:50.451Z] CLI Version:   15.18.0
[debug] [2026-05-17T20:18:50.451Z] Platform:      win32
[debug] [2026-05-17T20:18:50.451Z] Node Version:  v24.13.1
[debug] [2026-05-17T20:18:50.451Z] Time:          Sun May 17 2026 21:18:50 GMT+0100 (British Summer Time)
[debug] [2026-05-17T20:18:50.451Z] ----------------------------------------------------------------------
[debug] 
[debug] [2026-05-17T20:18:52.502Z] > command requires scopes: ["email","openid","https://www.googleapis.com/auth/cloudplatformprojects.readonly","https://www.googleapis.com/auth/firebase","https://www.googleapis.com/auth/cloud-platform"]
[debug] [2026-05-17T20:18:52.503Z] > authorizing via signed-in user (julian@endoo.co.uk)
[debug] [2026-05-17T20:18:52.503Z] [iam] checking project stalliq for permissions ["cloudfunctions.functions.create","cloudfunctions.functions.delete","cloudfunctions.functions.get","cloudfunctions.functions.list","cloudfunctions.functions.update","cloudfunctions.operations.get","firebase.projects.get"]
[debug] [2026-05-17T20:18:52.505Z] Checked if tokens are valid: true, expires at: 1779051865732
[debug] [2026-05-17T20:18:52.505Z] Checked if tokens are valid: true, expires at: 1779051865732
[debug] [2026-05-17T20:18:52.507Z] >>> [apiv2][query] POST https://cloudresourcemanager.googleapis.com/v1/projects/stalliq:testIamPermissions [none]
[debug] [2026-05-17T20:18:52.507Z] >>> [apiv2][(partial)header] POST https://cloudresourcemanager.googleapis.com/v1/projects/stalliq:testIamPermissions  x-goog-user-project=stalliq
[debug] [2026-05-17T20:18:52.508Z] >>> [apiv2][body] POST https://cloudresourcemanager.googleapis.com/v1/projects/stalliq:testIamPermissions {"permissions":["cloudfunctions.functions.create","cloudfunctions.functions.delete","cloudfunctions.functions.get","cloudfunctions.functions.list","cloudfunctions.functions.update","cloudfunctions.operations.get","firebase.projects.get"]}
[debug] [2026-05-17T20:18:52.700Z] <<< [apiv2][status] POST https://cloudresourcemanager.googleapis.com/v1/projects/stalliq:testIamPermissions 200
[debug] [2026-05-17T20:18:52.700Z] <<< [apiv2][body] POST https://cloudresourcemanager.googleapis.com/v1/projects/stalliq:testIamPermissions {"permissions":["cloudfunctions.functions.create","cloudfunctions.functions.delete","cloudfunctions.functions.get","cloudfunctions.functions.list","cloudfunctions.functions.update","cloudfunctions.operations.get","firebase.projects.get"]}
[debug] [2026-05-17T20:18:52.701Z] Checked if tokens are valid: true, expires at: 1779051865732
[debug] [2026-05-17T20:18:52.701Z] Checked if tokens are valid: true, expires at: 1779051865732
[debug] [2026-05-17T20:18:52.701Z] >>> [apiv2][query] POST https://iam.googleapis.com/v1/projects/stalliq/serviceAccounts/stalliq@appspot.gserviceaccount.com:testIamPermissions [none]
[debug] [2026-05-17T20:18:52.701Z] >>> [apiv2][body] POST https://iam.googleapis.com/v1/projects/stalliq/serviceAccounts/stalliq@appspot.gserviceaccount.com:testIamPermissions {"permissions":["iam.serviceAccounts.actAs"]}
[debug] [2026-05-17T20:18:53.293Z] <<< [apiv2][status] POST https://iam.googleapis.com/v1/projects/stalliq/serviceAccounts/stalliq@appspot.gserviceaccount.com:testIamPermissions 200
[debug] [2026-05-17T20:18:53.293Z] <<< [apiv2][body] POST https://iam.googleapis.com/v1/projects/stalliq/serviceAccounts/stalliq@appspot.gserviceaccount.com:testIamPermissions {"permissions":["iam.serviceAccounts.actAs"]}
[info] 
[info] === Deploying to 'stalliq'...
[info] 
[info] i  deploying functions 
[debug] [2026-05-17T20:18:53.299Z] Checked if tokens are valid: true, expires at: 1779051865732
[debug] [2026-05-17T20:18:53.299Z] Checked if tokens are valid: true, expires at: 1779051865732
[debug] [2026-05-17T20:18:53.299Z] >>> [apiv2][query] GET https://cloudresourcemanager.googleapis.com/v1/projects/stalliq [none]
[debug] [2026-05-17T20:18:53.442Z] <<< [apiv2][status] GET https://cloudresourcemanager.googleapis.com/v1/projects/stalliq 200
[debug] [2026-05-17T20:18:53.442Z] <<< [apiv2][body] GET https://cloudresourcemanager.googleapis.com/v1/projects/stalliq {"projectNumber":"619290110631","projectId":"stalliq","lifecycleState":"ACTIVE","name":"stalliq-development","labels":{"firebase":"enabled","firebase-core":"disabled"},"createTime":"2026-04-21T11:56:12.245Z"}
[info] i  functions: preparing codebase default for deployment 
[info] i  functions: ensuring required API cloudfunctions.googleapis.com is enabled... 
[info] i  functions: ensuring required API cloudbuild.googleapis.com is enabled... 
[info] i  artifactregistry: ensuring required API artifactregistry.googleapis.com is enabled... 
[debug] [2026-05-17T20:18:53.445Z] Checked if tokens are valid: true, expires at: 1779051865732
[debug] [2026-05-17T20:18:53.445Z] Checked if tokens are valid: true, expires at: 1779051865732
[debug] [2026-05-17T20:18:53.445Z] >>> [apiv2][query] GET https://firebase.googleapis.com/v1beta1/projects/stalliq/adminSdkConfig [none]
[debug] [2026-05-17T20:18:53.758Z] <<< [apiv2][status] GET https://firebase.googleapis.com/v1beta1/projects/stalliq/adminSdkConfig 200
[debug] [2026-05-17T20:18:53.758Z] <<< [apiv2][body] GET https://firebase.googleapis.com/v1beta1/projects/stalliq/adminSdkConfig {"projectId":"stalliq","storageBucket":"stalliq.firebasestorage.app"}
[debug] [2026-05-17T20:18:53.759Z] Checked if tokens are valid: true, expires at: 1779051865732
[debug] [2026-05-17T20:18:53.759Z] Checked if tokens are valid: true, expires at: 1779051865732
[debug] [2026-05-17T20:18:53.759Z] >>> [apiv2][query] GET https://runtimeconfig.googleapis.com/v1beta1/projects/stalliq/configs [none]
[debug] [2026-05-17T20:18:53.979Z] <<< [apiv2][status] GET https://runtimeconfig.googleapis.com/v1beta1/projects/stalliq/configs 200
[debug] [2026-05-17T20:18:53.979Z] <<< [apiv2][body] GET https://runtimeconfig.googleapis.com/v1beta1/projects/stalliq/configs {}
[debug] [2026-05-17T20:18:53.980Z] Validating nodejs source
[warn] !  functions: Runtime Node.js 20 was deprecated on 2026-04-30 and will be decommissioned on 2026-10-30, after which you will not be able to deploy without upgrading. Consider upgrading now to avoid disruption. See https://cloud.google.com/functions/docs/runtime-support for full details on the lifecycle policy 
[warn] !  functions: package.json indicates an outdated version of firebase-functions. Please upgrade using npm install --save firebase-functions@latest in your functions directory. 
[warn] !  functions: Please note that there will be breaking changes when you upgrade. 
[debug] [2026-05-17T20:18:55.095Z] > [functions] package.json contents: {
  "name": "stalliq-functions",
  "description": "Stalliq Firebase Cloud Functions",
  "scripts": {
    "serve": "firebase emulators:start --only functions",
    "deploy": "firebase deploy --only functions",
    "logs": "firebase functions:log"
  },
  "engines": {
    "node": "20"
  },
  "main": "index.js",
  "dependencies": {
    "firebase-admin": "^12.0.0",
    "firebase-functions": "^5.1.0",
    "twilio": "^5.3.0"
  },
  "private": true
}
[debug] [2026-05-17T20:18:55.096Z] Building nodejs source
[info] i  functions: Loading and analyzing source code for codebase default to determine what to deploy 
[debug] [2026-05-17T20:18:55.097Z] Could not find functions.yaml. Must use http discovery
[debug] [2026-05-17T20:18:55.111Z] Found firebase-functions binary at 'C:\Users\julia\OneDrive\Documents\Engineering\La Muletti\lamulettipizza\functions\node_modules\.bin\firebase-functions'
[info] Serving at port 8191

[debug] [2026-05-17T20:18:56.015Z] Got response from /__/functions.yaml {"endpoints":{"orderReadyNotification":{"platform":"gcfv1","availableMemoryMb":null,"timeoutSeconds":null,"minInstances":null,"maxInstances":null,"ingressSettings":null,"serviceAccountEmail":null,"vpc":null,"region":["europe-west2"],"eventTrigger":{"eventType":"providers/cloud.firestore/eventTypes/document.update","eventFilters":{"resource":"projects/stalliq/databases/(default)/documents/orders/{orderId}"},"retry":false},"labels":{},"entryPoint":"orderReadyNotification"}},"specVersion":"v1alpha1","requiredAPIs":[],"extensions":{}}
[debug] [2026-05-17T20:19:00.065Z] Checked if tokens are valid: true, expires at: 1779051865732
[debug] [2026-05-17T20:19:00.065Z] Checked if tokens are valid: true, expires at: 1779051865732
[debug] [2026-05-17T20:19:00.065Z] >>> [apiv2][query] GET https://cloudfunctions.googleapis.com/v1/projects/stalliq/locations/-/functions [none]
[debug] [2026-05-17T20:19:00.739Z] <<< [apiv2][status] GET https://cloudfunctions.googleapis.com/v1/projects/stalliq/locations/-/functions 200
[debug] [2026-05-17T20:19:00.739Z] <<< [apiv2][body] GET https://cloudfunctions.googleapis.com/v1/projects/stalliq/locations/-/functions {}
[debug] [2026-05-17T20:19:00.740Z] Checked if tokens are valid: true, expires at: 1779051865732
[debug] [2026-05-17T20:19:00.740Z] Checked if tokens are valid: true, expires at: 1779051865732
[debug] [2026-05-17T20:19:00.741Z] >>> [apiv2][query] GET https://cloudfunctions.googleapis.com/v2/projects/stalliq/locations/-/functions filter=environment%3D%22GEN_2%22
[debug] [2026-05-17T20:19:01.742Z] <<< [apiv2][status] GET https://cloudfunctions.googleapis.com/v2/projects/stalliq/locations/-/functions 200
[debug] [2026-05-17T20:19:01.742Z] <<< [apiv2][body] GET https://cloudfunctions.googleapis.com/v2/projects/stalliq/locations/-/functions {}
[info] i  extensions: ensuring required API firebaseextensions.googleapis.com is enabled... 
[debug] [2026-05-17T20:19:01.745Z] Checked if tokens are valid: true, expires at: 1779051865732
[debug] [2026-05-17T20:19:01.745Z] Checked if tokens are valid: true, expires at: 1779051865732
[debug] [2026-05-17T20:19:01.745Z] >>> [apiv2][query] GET https://serviceusage.googleapis.com/v1/projects/stalliq/services/firebaseextensions.googleapis.com [none]
[debug] [2026-05-17T20:19:01.745Z] >>> [apiv2][(partial)header] GET https://serviceusage.googleapis.com/v1/projects/stalliq/services/firebaseextensions.googleapis.com  x-goog-user-project=stalliq
[debug] [2026-05-17T20:19:02.508Z] <<< [apiv2][status] GET https://serviceusage.googleapis.com/v1/projects/stalliq/services/firebaseextensions.googleapis.com 200
[debug] [2026-05-17T20:19:02.508Z] <<< [apiv2][body] GET https://serviceusage.googleapis.com/v1/projects/stalliq/services/firebaseextensions.googleapis.com [omitted]
[warn] !  extensions: missing required API firebaseextensions.googleapis.com. Enabling now... 
[debug] [2026-05-17T20:19:02.509Z] Checked if tokens are valid: true, expires at: 1779051865732
[debug] [2026-05-17T20:19:02.509Z] Checked if tokens are valid: true, expires at: 1779051865732
[debug] [2026-05-17T20:19:02.509Z] >>> [apiv2][query] POST https://serviceusage.googleapis.com/v1/projects/stalliq/services/firebaseextensions.googleapis.com:enable [none]
[debug] [2026-05-17T20:19:02.509Z] >>> [apiv2][(partial)header] POST https://serviceusage.googleapis.com/v1/projects/stalliq/services/firebaseextensions.googleapis.com:enable  x-goog-user-project=stalliq
[debug] [2026-05-17T20:19:03.533Z] <<< [apiv2][status] POST https://serviceusage.googleapis.com/v1/projects/stalliq/services/firebaseextensions.googleapis.com:enable 200
[debug] [2026-05-17T20:19:03.533Z] <<< [apiv2][body] POST https://serviceusage.googleapis.com/v1/projects/stalliq/services/firebaseextensions.googleapis.com:enable [omitted]
[debug] [2026-05-17T20:19:13.548Z] > command requires scopes: ["email","openid","https://www.googleapis.com/auth/cloudplatformprojects.readonly","https://www.googleapis.com/auth/firebase","https://www.googleapis.com/auth/cloud-platform"]
[debug] [2026-05-17T20:19:13.549Z] > authorizing via signed-in user (julian@endoo.co.uk)
[debug] [2026-05-17T20:19:13.549Z] [iam] checking project stalliq for permissions ["firebase.projects.get","firebaseextensions.instances.list"]
[debug] [2026-05-17T20:19:13.550Z] Checked if tokens are valid: true, expires at: 1779051865732
[debug] [2026-05-17T20:19:13.550Z] Checked if tokens are valid: true, expires at: 1779051865732
[debug] [2026-05-17T20:19:13.550Z] >>> [apiv2][query] POST https://cloudresourcemanager.googleapis.com/v1/projects/stalliq:testIamPermissions [none]
[debug] [2026-05-17T20:19:13.550Z] >>> [apiv2][(partial)header] POST https://cloudresourcemanager.googleapis.com/v1/projects/stalliq:testIamPermissions  x-goog-user-project=stalliq
[debug] [2026-05-17T20:19:13.550Z] >>> [apiv2][body] POST https://cloudresourcemanager.googleapis.com/v1/projects/stalliq:testIamPermissions {"permissions":["firebase.projects.get","firebaseextensions.instances.list"]}
[debug] [2026-05-17T20:19:13.782Z] <<< [apiv2][status] POST https://cloudresourcemanager.googleapis.com/v1/projects/stalliq:testIamPermissions 200
[debug] [2026-05-17T20:19:13.782Z] <<< [apiv2][body] POST https://cloudresourcemanager.googleapis.com/v1/projects/stalliq:testIamPermissions {"permissions":["firebase.projects.get","firebaseextensions.instances.list"]}
[debug] [2026-05-17T20:19:13.783Z] Checked if tokens are valid: true, expires at: 1779051865732
[debug] [2026-05-17T20:19:13.784Z] Checked if tokens are valid: true, expires at: 1779051865732
[debug] [2026-05-17T20:19:13.784Z] >>> [apiv2][query] GET https://firebaseextensions.googleapis.com/v1beta/projects/stalliq/instances pageSize=100&pageToken=
[debug] [2026-05-17T20:19:15.710Z] <<< [apiv2][status] GET https://firebaseextensions.googleapis.com/v1beta/projects/stalliq/instances 200
[debug] [2026-05-17T20:19:15.711Z] <<< [apiv2][body] GET https://firebaseextensions.googleapis.com/v1beta/projects/stalliq/instances {}
[info] i  functions: Loaded environment variables from .env. 
[info] i  functions: preparing functions directory for uploading... 
[info] i  functions: packaged C:\Users\julia\OneDrive\Documents\Engineering\La Muletti\lamulettipizza\functions (13.84 KB) for uploading 
[debug] [2026-05-17T20:19:15.764Z] Checked if tokens are valid: true, expires at: 1779051865732
[debug] [2026-05-17T20:19:15.764Z] Checked if tokens are valid: true, expires at: 1779051865732
[debug] [2026-05-17T20:19:15.765Z] >>> [apiv2][query] GET https://firestore.googleapis.com/v1/projects/stalliq/databases/(default) [none]
[debug] [2026-05-17T20:19:15.877Z] <<< [apiv2][status] GET https://firestore.googleapis.com/v1/projects/stalliq/databases/(default) 200
[debug] [2026-05-17T20:19:15.878Z] <<< [apiv2][body] GET https://firestore.googleapis.com/v1/projects/stalliq/databases/(default) {"name":"projects/stalliq/databases/(default)","uid":"372f1f90-113a-4d44-901a-949e5f5b7e9a","createTime":"2026-04-21T12:04:41.785363Z","updateTime":"2026-04-21T12:04:41.785363Z","locationId":"europe-west2","type":"FIRESTORE_NATIVE","concurrencyMode":"PESSIMISTIC","versionRetentionPeriod":"3600s","earliestVersionTime":"2026-05-17T19:19:13.191063Z","appEngineIntegrationMode":"DISABLED","keyPrefix":"g","pointInTimeRecoveryEnablement":"POINT_IN_TIME_RECOVERY_DISABLED","deleteProtectionState":"DELETE_PROTECTION_DISABLED","databaseEdition":"STANDARD","freeTier":true,"realtimeUpdatesMode":"REALTIME_UPDATES_MODE_ENABLED","etag":"IMi0wcaSwZQDMNfClvjkjZQD"}
[debug] [2026-05-17T20:19:15.881Z] Checked if tokens are valid: true, expires at: 1779051865732
[debug] [2026-05-17T20:19:15.881Z] Checked if tokens are valid: true, expires at: 1779051865732
[debug] [2026-05-17T20:19:15.881Z] >>> [apiv2][query] GET https://cloudresourcemanager.googleapis.com/v1/projects/stalliq [none]
[debug] [2026-05-17T20:19:16.134Z] <<< [apiv2][status] GET https://cloudresourcemanager.googleapis.com/v1/projects/stalliq 200
[debug] [2026-05-17T20:19:16.134Z] <<< [apiv2][body] GET https://cloudresourcemanager.googleapis.com/v1/projects/stalliq {"projectNumber":"619290110631","projectId":"stalliq","lifecycleState":"ACTIVE","name":"stalliq-development","labels":{"firebase":"enabled","firebase-core":"disabled"},"createTime":"2026-04-21T11:56:12.245Z"}
[debug] [2026-05-17T20:19:16.136Z] Checked if tokens are valid: true, expires at: 1779051865732
[debug] [2026-05-17T20:19:16.136Z] Checked if tokens are valid: true, expires at: 1779051865732
[debug] [2026-05-17T20:19:16.136Z] >>> [apiv2][query] GET https://cloudbilling.googleapis.com/v1/projects/stalliq/billingInfo [none]
[debug] [2026-05-17T20:19:16.473Z] <<< [apiv2][status] GET https://cloudbilling.googleapis.com/v1/projects/stalliq/billingInfo 200
[debug] [2026-05-17T20:19:16.473Z] <<< [apiv2][body] GET https://cloudbilling.googleapis.com/v1/projects/stalliq/billingInfo {"name":"projects/stalliq/billingInfo","projectId":"stalliq","billingAccountName":"billingAccounts/011A8D-D8C26F-811CED","billingEnabled":true}
[debug] [2026-05-17T20:19:16.475Z] Checked if tokens are valid: true, expires at: 1779051865732
[debug] [2026-05-17T20:19:16.475Z] Checked if tokens are valid: true, expires at: 1779051865732
[debug] [2026-05-17T20:19:16.475Z] >>> [apiv2][query] POST https://cloudfunctions.googleapis.com/v1/projects/stalliq/locations/europe-west2/functions:generateUploadUrl [none]
[debug] [2026-05-17T20:19:16.475Z] >>> [apiv2][body] POST https://cloudfunctions.googleapis.com/v1/projects/stalliq/locations/europe-west2/functions:generateUploadUrl {}
[debug] [2026-05-17T20:19:34.158Z] <<< [apiv2][status] POST https://cloudfunctions.googleapis.com/v1/projects/stalliq/locations/europe-west2/functions:generateUploadUrl 200
[debug] [2026-05-17T20:19:34.158Z] <<< [apiv2][body] POST https://cloudfunctions.googleapis.com/v1/projects/stalliq/locations/europe-west2/functions:generateUploadUrl {"uploadUrl":"https://storage.googleapis.com/uploads-923597801757.europe-west2.cloudfunctions.appspot.com/e13bd84a-c82b-42b7-83fa-4bd1f7b33d0c.zip?GoogleAccessId=service-619290110631@gcf-admin-robot.iam.gserviceaccount.com&Expires=1779050971&Signature=TsoZ%2FsGW6xLmfn0hMhX8q37bNgaEmkIyVLKIXuQ%2FZ7X5hFjFqL75UZXHmw5TkigchrpmP8vglhGn9Mcef3sjeDxeGO0hp9URMRxcCrfSemJaLH7trjTmC6N0EDlcDvmsMQh%2BZreEj3%2F07f8t5cMtHKmozRaPvztETCIZwwihD87hKImDlNb5v499tx2%2BJsM5Ili%2FbhStz17P2%2BDY0grz%2FzE3LWlkDWm1Y2YJzYnqxzglpOil54059AKXQJT6ERRoi7vtmaRf4yNcHcQuAYahfAMyL2zLM5gRvJkZypFAxkCnpdnf09XJ5PU9Nzhnk3qTE18BhC105ALl6ZWJjDLJgQ%3D%3D"}
[debug] [2026-05-17T20:19:34.159Z] >>> [apiv2][query] PUT https://storage.googleapis.com/uploads-923597801757.europe-west2.cloudfunctions.appspot.com/e13bd84a-c82b-42b7-83fa-4bd1f7b33d0c.zip GoogleAccessId=service-619290110631%40gcf-admin-robot.iam.gserviceaccount.com&Expires=1779050971&Signature=TsoZ%2FsGW6xLmfn0hMhX8q37bNgaEmkIyVLKIXuQ%2FZ7X5hFjFqL75UZXHmw5TkigchrpmP8vglhGn9Mcef3sjeDxeGO0hp9URMRxcCrfSemJaLH7trjTmC6N0EDlcDvmsMQh%2BZreEj3%2F07f8t5cMtHKmozRaPvztETCIZwwihD87hKImDlNb5v499tx2%2BJsM5Ili%2FbhStz17P2%2BDY0grz%2FzE3LWlkDWm1Y2YJzYnqxzglpOil54059AKXQJT6ERRoi7vtmaRf4yNcHcQuAYahfAMyL2zLM5gRvJkZypFAxkCnpdnf09XJ5PU9Nzhnk3qTE18BhC105ALl6ZWJjDLJgQ%3D%3D
[debug] [2026-05-17T20:19:34.159Z] >>> [apiv2][body] PUT https://storage.googleapis.com/uploads-923597801757.europe-west2.cloudfunctions.appspot.com/e13bd84a-c82b-42b7-83fa-4bd1f7b33d0c.zip [stream]
[debug] [2026-05-17T20:19:34.976Z] <<< [apiv2][status] PUT https://storage.googleapis.com/uploads-923597801757.europe-west2.cloudfunctions.appspot.com/e13bd84a-c82b-42b7-83fa-4bd1f7b33d0c.zip 200
[debug] [2026-05-17T20:19:34.976Z] <<< [apiv2][body] PUT https://storage.googleapis.com/uploads-923597801757.europe-west2.cloudfunctions.appspot.com/e13bd84a-c82b-42b7-83fa-4bd1f7b33d0c.zip [omitted]
[info] +  functions: functions source uploaded successfully 
[info] i  functions: creating Node.js 20 (1st Gen) function orderReadyNotification(europe-west2)... 
[debug] [2026-05-17T20:19:34.981Z] Checked if tokens are valid: true, expires at: 1779051865732
[debug] [2026-05-17T20:19:34.982Z] Checked if tokens are valid: true, expires at: 1779051865732
[debug] [2026-05-17T20:19:34.982Z] >>> [apiv2][query] POST https://cloudfunctions.googleapis.com/v1/projects/stalliq/locations/europe-west2/functions [none]
[debug] [2026-05-17T20:19:34.982Z] >>> [apiv2][body] POST https://cloudfunctions.googleapis.com/v1/projects/stalliq/locations/europe-west2/functions {"name":"projects/stalliq/locations/europe-west2/functions/orderReadyNotification","sourceUploadUrl":"https://storage.googleapis.com/uploads-923597801757.europe-west2.cloudfunctions.appspot.com/e13bd84a-c82b-42b7-83fa-4bd1f7b33d0c.zip?GoogleAccessId=service-619290110631@gcf-admin-robot.iam.gserviceaccount.com&Expires=1779050971&Signature=TsoZ%2FsGW6xLmfn0hMhX8q37bNgaEmkIyVLKIXuQ%2FZ7X5hFjFqL75UZXHmw5TkigchrpmP8vglhGn9Mcef3sjeDxeGO0hp9URMRxcCrfSemJaLH7trjTmC6N0EDlcDvmsMQh%2BZreEj3%2F07f8t5cMtHKmozRaPvztETCIZwwihD87hKImDlNb5v499tx2%2BJsM5Ili%2FbhStz17P2%2BDY0grz%2FzE3LWlkDWm1Y2YJzYnqxzglpOil54059AKXQJT6ERRoi7vtmaRf4yNcHcQuAYahfAMyL2zLM5gRvJkZypFAxkCnpdnf09XJ5PU9Nzhnk3qTE18BhC105ALl6ZWJjDLJgQ%3D%3D","entryPoint":"orderReadyNotification","runtime":"nodejs20","dockerRegistry":"ARTIFACT_REGISTRY","labels":{"deployment-tool":"cli-firebase","firebase-functions-hash":"be9795cf7c9e9ff1c60c67de05d5a8d7c4395611"},"eventTrigger":{"eventType":"providers/cloud.firestore/eventTypes/document.update","resource":"projects/stalliq/databases/(default)/documents/orders/{orderId}"},"minInstances":null,"maxInstances":null,"ingressSettings":null,"environmentVariables":{"TWILIO_ACCOUNT_SID":"ACxxxxxxxxxxxxxxxxxxxxxxxxxxxxxxxx","TWILIO_AUTH_TOKEN":"your_auth_token_here","TWILIO_WHATSAPP_FROM":"whatsapp:+44XXXXXXXXXX","TWILIO_SMS_FROM":"+44XXXXXXXXXX","TWILIO_TEMPLATE_SID":"HXb0f2b4e74995392bf1f82095d577036c","FIREBASE_CONFIG":"{\"projectId\":\"stalliq\",\"storageBucket\":\"stalliq.firebasestorage.app\"}","GCLOUD_PROJECT":"stalliq","EVENTARC_CLOUD_EVENT_SOURCE":"projects/stalliq/locations/europe-west2/functions/orderReadyNotification"},"serviceAccountEmail":null,"availableMemoryMb":null,"timeout":null,"vpcConnector":null,"vpcConnectorEgressSettings":null,"buildEnvironmentVariables":{"GOOGLE_NODE_RUN_SCRIPTS":""}}
[debug] [2026-05-17T20:19:37.947Z] <<< [apiv2][status] POST https://cloudfunctions.googleapis.com/v1/projects/stalliq/locations/europe-west2/functions 200
[debug] [2026-05-17T20:19:37.947Z] <<< [apiv2][body] POST https://cloudfunctions.googleapis.com/v1/projects/stalliq/locations/europe-west2/functions {"name":"operations/cHJvamVjdHMvc3RhbGxpcS9sb2NhdGlvbnMvZXVyb3BlLXdlc3QyL29wZXJhdGlvbnMvb3BlcmF0aW9uLTE3NzkwNDkxNzI0MDEtNjUyMDkyOWY1N2VlNC00NWU4ZDk0Mi03YWQ3MWNmZQ","metadata":{"@type":"type.googleapis.com/google.cloud.functions.v1.OperationMetadataV1","target":"projects/stalliq/locations/europe-west2/functions/orderReadyNotification","updateTime":"2026-05-17T20:19:35.035841452Z"}}
[debug] [2026-05-17T20:19:37.948Z] Checked if tokens are valid: true, expires at: 1779051865732
[debug] [2026-05-17T20:19:37.948Z] Checked if tokens are valid: true, expires at: 1779051865732
[debug] [2026-05-17T20:19:37.948Z] >>> [apiv2][query] GET https://cloudfunctions.googleapis.com/v1/operations/cHJvamVjdHMvc3RhbGxpcS9sb2NhdGlvbnMvZXVyb3BlLXdlc3QyL29wZXJhdGlvbnMvb3BlcmF0aW9uLTE3NzkwNDkxNzI0MDEtNjUyMDkyOWY1N2VlNC00NWU4ZDk0Mi03YWQ3MWNmZQ [none]
[debug] [2026-05-17T20:19:38.051Z] <<< [apiv2][status] GET https://cloudfunctions.googleapis.com/v1/operations/cHJvamVjdHMvc3RhbGxpcS9sb2NhdGlvbnMvZXVyb3BlLXdlc3QyL29wZXJhdGlvbnMvb3BlcmF0aW9uLTE3NzkwNDkxNzI0MDEtNjUyMDkyOWY1N2VlNC00NWU4ZDk0Mi03YWQ3MWNmZQ 200
[debug] [2026-05-17T20:19:38.051Z] <<< [apiv2][body] GET https://cloudfunctions.googleapis.com/v1/operations/cHJvamVjdHMvc3RhbGxpcS9sb2NhdGlvbnMvZXVyb3BlLXdlc3QyL29wZXJhdGlvbnMvb3BlcmF0aW9uLTE3NzkwNDkxNzI0MDEtNjUyMDkyOWY1N2VlNC00NWU4ZDk0Mi03YWQ3MWNmZQ {"name":"operations/cHJvamVjdHMvc3RhbGxpcS9sb2NhdGlvbnMvZXVyb3BlLXdlc3QyL29wZXJhdGlvbnMvb3BlcmF0aW9uLTE3NzkwNDkxNzI0MDEtNjUyMDkyOWY1N2VlNC00NWU4ZDk0Mi03YWQ3MWNmZQ","metadata":{"@type":"type.googleapis.com/google.cloud.functions.v1.OperationMetadataV1","target":"projects/stalliq/locations/europe-west2/functions/orderReadyNotification","updateTime":"2026-05-17T20:19:35.035841452Z"}}
[debug] [2026-05-17T20:19:38.559Z] [create-default-europe-west2-orderReadyNotification] Retrying task index 0
[debug] [2026-05-17T20:19:38.560Z] Checked if tokens are valid: true, expires at: 1779051865732
[debug] [2026-05-17T20:19:38.560Z] Checked if tokens are valid: true, expires at: 1779051865732
[debug] [2026-05-17T20:19:38.560Z] >>> [apiv2][query] GET https://cloudfunctions.googleapis.com/v1/operations/cHJvamVjdHMvc3RhbGxpcS9sb2NhdGlvbnMvZXVyb3BlLXdlc3QyL29wZXJhdGlvbnMvb3BlcmF0aW9uLTE3NzkwNDkxNzI0MDEtNjUyMDkyOWY1N2VlNC00NWU4ZDk0Mi03YWQ3MWNmZQ [none]
[debug] [2026-05-17T20:19:38.766Z] <<< [apiv2][status] GET https://cloudfunctions.googleapis.com/v1/operations/cHJvamVjdHMvc3RhbGxpcS9sb2NhdGlvbnMvZXVyb3BlLXdlc3QyL29wZXJhdGlvbnMvb3BlcmF0aW9uLTE3NzkwNDkxNzI0MDEtNjUyMDkyOWY1N2VlNC00NWU4ZDk0Mi03YWQ3MWNmZQ 200
[debug] [2026-05-17T20:19:38.767Z] <<< [apiv2][body] GET https://cloudfunctions.googleapis.com/v1/operations/cHJvamVjdHMvc3RhbGxpcS9sb2NhdGlvbnMvZXVyb3BlLXdlc3QyL29wZXJhdGlvbnMvb3BlcmF0aW9uLTE3NzkwNDkxNzI0MDEtNjUyMDkyOWY1N2VlNC00NWU4ZDk0Mi03YWQ3MWNmZQ {"name":"operations/cHJvamVjdHMvc3RhbGxpcS9sb2NhdGlvbnMvZXVyb3BlLXdlc3QyL29wZXJhdGlvbnMvb3BlcmF0aW9uLTE3NzkwNDkxNzI0MDEtNjUyMDkyOWY1N2VlNC00NWU4ZDk0Mi03YWQ3MWNmZQ","metadata":{"@type":"type.googleapis.com/google.cloud.functions.v1.OperationMetadataV1","target":"projects/stalliq/locations/europe-west2/functions/orderReadyNotification","type":"CREATE_FUNCTION","request":{"@type":"type.googleapis.com/google.cloud.functions.v1.CloudFunction","name":"projects/stalliq/locations/europe-west2/functions/orderReadyNotification","eventTrigger":{"eventType":"providers/cloud.firestore/eventTypes/document.update","resource":"projects/stalliq/databases/(default)/documents/orders/{orderId}","failurePolicy":{}},"entryPoint":"orderReadyNotification","updateTime":"1970-01-01T00:00:00Z","labels":{"deployment-tool":"cli-firebase","firebase-functions-hash":"be9795cf7c9e9ff1c60c67de05d5a8d7c4395611"},"sourceUploadUrl":"https://storage.googleapis.com/uploads-923597801757.europe-west2.cloudfunctions.appspot.com/e13bd84a-c82b-42b7-83fa-4bd1f7b33d0c.zip?GoogleAccessId=service-619290110631@gcf-admin-robot.iam.gserviceaccount.com&Expires=1779050971&Signature=TsoZ%2FsGW6xLmfn0hMhX8q37bNgaEmkIyVLKIXuQ%2FZ7X5hFjFqL75UZXHmw5TkigchrpmP8vglhGn9Mcef3sjeDxeGO0hp9URMRxcCrfSemJaLH7trjTmC6N0EDlcDvmsMQh%2BZreEj3%2F07f8t5cMtHKmozRaPvztETCIZwwihD87hKImDlNb5v499tx2%2BJsM5Ili%2FbhStz17P2%2BDY0grz%2FzE3LWlkDWm1Y2YJzYnqxzglpOil54059AKXQJT6ERRoi7vtmaRf4yNcHcQuAYahfAMyL2zLM5gRvJkZypFAxkCnpdnf09XJ5PU9Nzhnk3qTE18BhC105ALl6ZWJjDLJgQ%3D%3D","environmentVariables":{"TWILIO_ACCOUNT_SID":"ACxxxxxxxxxxxxxxxxxxxxxxxxxxxxxxxx","TWILIO_AUTH_TOKEN":"your_auth_token_here","TWILIO_WHATSAPP_FROM":"whatsapp:+44XXXXXXXXXX","TWILIO_SMS_FROM":"+44XXXXXXXXXX","TWILIO_TEMPLATE_SID":"HXb0f2b4e74995392bf1f82095d577036c","FIREBASE_CONFIG":"{\"projectId\":\"stalliq\",\"storageBucket\":\"stalliq.firebasestorage.app\"}","GCLOUD_PROJECT":"stalliq","EVENTARC_CLOUD_EVENT_SOURCE":"projects/stalliq/locations/europe-west2/functions/orderReadyNotification"},"runtime":"nodejs20","buildEnvironmentVariables":{"GOOGLE_NODE_RUN_SCRIPTS":""},"dockerRegistry":"ARTIFACT_REGISTRY"},"updateTime":"2026-05-17T20:19:35.519886414Z"},"done":true,"error":{"code":9,"message":"Failed to create 1st Gen function projects/stalliq/locations/europe-west2/functions/orderReadyNotification: Default service account '619290110631-compute@developer.gserviceaccount.com' doesn't exist. Please recreate this account or specify a different account. Please visit https://cloud.google.com/functions/docs/troubleshooting for in-depth troubleshooting documentation."}}
[debug] [2026-05-17T20:19:38.767Z] Got source token undefined for region europe-west2
[error] Failed to create 1st Gen function projects/stalliq/locations/europe-west2/functions/orderReadyNotification: Default service account '619290110631-compute@developer.gserviceaccount.com' doesn't exist. Please recreate this account or specify a different account. Please visit https://cloud.google.com/functions/docs/troubleshooting for in-depth troubleshooting documentation.
[warn] !  functions: Deploys failed. Skipping deletes. 
[debug] [2026-05-17T20:19:38.774Z] Total Function Deployment time: 3788
[debug] [2026-05-17T20:19:38.774Z] 1 Functions Deployed
[debug] [2026-05-17T20:19:38.774Z] 1 Functions Errored
[debug] [2026-05-17T20:19:38.774Z] 0 Function Deployments Aborted
[debug] [2026-05-17T20:19:38.774Z] Average Function Deployment time: 3787
[info] 
[info] Functions deploy had errors with the following functions:
	orderReadyNotification(europe-west2)
[debug] [2026-05-17T20:19:38.823Z] Checked if tokens are valid: true, expires at: 1779051865732
[debug] [2026-05-17T20:19:38.824Z] Checked if tokens are valid: true, expires at: 1779051865732
[debug] [2026-05-17T20:19:38.824Z] >>> [apiv2][query] GET https://artifactregistry.googleapis.com/v1/projects/stalliq/locations/europe-west2/repositories/gcf-artifacts [none]
[debug] [2026-05-17T20:19:39.039Z] <<< [apiv2][status] GET https://artifactregistry.googleapis.com/v1/projects/stalliq/locations/europe-west2/repositories/gcf-artifacts 404
[debug] [2026-05-17T20:19:39.039Z] <<< [apiv2][body] GET https://artifactregistry.googleapis.com/v1/projects/stalliq/locations/europe-west2/repositories/gcf-artifacts {"error":{"code":404,"message":"Requested entity was not found.","status":"NOT_FOUND"}}
[debug] [2026-05-17T20:19:39.039Z] Failed to check artifact cleanup policy for region europe-west2: Request to https://artifactregistry.googleapis.com/v1/projects/stalliq/locations/europe-west2/repositories/gcf-artifacts had HTTP Error: 404, Requested entity was not found. {"name":"FirebaseError","children":[],"context":{"body":{"error":{"code":404,"message":"Requested entity was not found.","status":"NOT_FOUND"}},"response":{"statusCode":404}},"exit":1,"message":"Request to https://artifactregistry.googleapis.com/v1/projects/stalliq/locations/europe-west2/repositories/gcf-artifacts had HTTP Error: 404, Requested entity was not found.","status":404}
[debug] [2026-05-17T20:19:39.040Z] Functions deploy failed.
[debug] [2026-05-17T20:19:39.040Z] {
  "endpoint": {
    "id": "orderReadyNotification",
    "project": "stalliq",
    "region": "europe-west2",
    "entryPoint": "orderReadyNotification",
    "platform": "gcfv1",
    "runtime": "nodejs20",
    "eventTrigger": {
      "eventType": "providers/cloud.firestore/eventTypes/document.update",
      "retry": false,
      "eventFilters": {
        "resource": "projects/stalliq/databases/(default)/documents/orders/{orderId}"
      }
    },
    "labels": {
      "deployment-tool": "cli-firebase"
    },
    "serviceAccount": null,
    "ingressSettings": null,
    "availableMemoryMb": null,
    "timeoutSeconds": null,
    "maxInstances": null,
    "minInstances": null,
    "vpc": null,
    "environmentVariables": {
      "TWILIO_ACCOUNT_SID": "ACxxxxxxxxxxxxxxxxxxxxxxxxxxxxxxxx",
      "TWILIO_AUTH_TOKEN": "your_auth_token_here",
      "TWILIO_WHATSAPP_FROM": "whatsapp:+44XXXXXXXXXX",
      "TWILIO_SMS_FROM": "+44XXXXXXXXXX",
      "TWILIO_TEMPLATE_SID": "HXb0f2b4e74995392bf1f82095d577036c",
      "FIREBASE_CONFIG": "{\"projectId\":\"stalliq\",\"storageBucket\":\"stalliq.firebasestorage.app\"}",
      "GCLOUD_PROJECT": "stalliq",
      "EVENTARC_CLOUD_EVENT_SOURCE": "projects/stalliq/locations/europe-west2/functions/orderReadyNotification"
    },
    "codebase": "default",
    "targetedByOnly": false,
    "hash": "be9795cf7c9e9ff1c60c67de05d5a8d7c4395611"
  },
  "op": "create",
  "original": {
    "name": "FirebaseError",
    "children": [],
    "exit": 1,
    "message": "Failed to create 1st Gen function projects/stalliq/locations/europe-west2/functions/orderReadyNotification: Default service account '619290110631-compute@developer.gserviceaccount.com' doesn't exist. Please recreate this account or specify a different account. Please visit https://cloud.google.com/functions/docs/troubleshooting for in-depth troubleshooting documentation.",
    "original": {
      "code": 9,
      "message": "Failed to create 1st Gen function projects/stalliq/locations/europe-west2/functions/orderReadyNotification: Default service account '619290110631-compute@developer.gserviceaccount.com' doesn't exist. Please recreate this account or specify a different account. Please visit https://cloud.google.com/functions/docs/troubleshooting for in-depth troubleshooting documentation."
    },
    "status": 9,
    "code": 9
  }
}
[debug] [2026-05-17T20:19:39.062Z] Error: Failed to create function orderReadyNotification in region europe-west2
    at C:\Users\julia\AppData\Roaming\npm\node_modules\firebase-tools\lib\deploy\functions\release\fabricator.js:54:11
    at process.processTicksAndRejections (node:internal/process/task_queues:103:5)
    at async Fabricator.createV1Function (C:\Users\julia\AppData\Roaming\npm\node_modules\firebase-tools\lib\deploy\functions\release\fabricator.js:207:32)
    at async Fabricator.createEndpoint (C:\Users\julia\AppData\Roaming\npm\node_modules\firebase-tools\lib\deploy\functions\release\fabricator.js:150:13)
    at async Fabricator.wrapOperation (C:\Users\julia\AppData\Roaming\npm\node_modules\firebase-tools\lib\deploy\functions\release\fabricator.js:138:13)
    at async Promise.all (index 0)
    at async Promise.allSettled (index 0)
    at async Fabricator.applyPlan (C:\Users\julia\AppData\Roaming\npm\node_modules\firebase-tools\lib\deploy\functions\release\fabricator.js:77:45)
    at async release (C:\Users\julia\AppData\Roaming\npm\node_modules\firebase-tools\lib\deploy\functions\release\index.js:87:21)
    at async chain (C:\Users\julia\AppData\Roaming\npm\node_modules\firebase-tools\lib\deploy\index.js:45:9)
[error] 
[error] Error: There was an error deploying functions
[debug] [2026-05-17T20:21:45.839Z] ----------------------------------------------------------------------
[debug] [2026-05-17T20:21:45.844Z] Command:       C:\Program Files\nodejs\node.exe C:\Users\julia\AppData\Roaming\npm\node_modules\firebase-tools\lib\bin\firebase.js deploy --only functions
[debug] [2026-05-17T20:21:45.844Z] CLI Version:   15.18.0
[debug] [2026-05-17T20:21:45.844Z] Platform:      win32
[debug] [2026-05-17T20:21:45.845Z] Node Version:  v24.13.1
[debug] [2026-05-17T20:21:45.845Z] Time:          Sun May 17 2026 21:21:45 GMT+0100 (British Summer Time)
[debug] [2026-05-17T20:21:45.845Z] ----------------------------------------------------------------------
[debug] 
[debug] [2026-05-17T20:21:47.261Z] > command requires scopes: ["email","openid","https://www.googleapis.com/auth/cloudplatformprojects.readonly","https://www.googleapis.com/auth/firebase","https://www.googleapis.com/auth/cloud-platform"]
[debug] [2026-05-17T20:21:47.261Z] > authorizing via signed-in user (julian@endoo.co.uk)
[debug] [2026-05-17T20:21:47.261Z] [iam] checking project stalliq for permissions ["cloudfunctions.functions.create","cloudfunctions.functions.delete","cloudfunctions.functions.get","cloudfunctions.functions.list","cloudfunctions.functions.update","cloudfunctions.operations.get","firebase.projects.get"]
[debug] [2026-05-17T20:21:47.263Z] Checked if tokens are valid: true, expires at: 1779051865732
[debug] [2026-05-17T20:21:47.263Z] Checked if tokens are valid: true, expires at: 1779051865732
[debug] [2026-05-17T20:21:47.264Z] >>> [apiv2][query] POST https://cloudresourcemanager.googleapis.com/v1/projects/stalliq:testIamPermissions [none]
[debug] [2026-05-17T20:21:47.264Z] >>> [apiv2][(partial)header] POST https://cloudresourcemanager.googleapis.com/v1/projects/stalliq:testIamPermissions  x-goog-user-project=stalliq
[debug] [2026-05-17T20:21:47.264Z] >>> [apiv2][body] POST https://cloudresourcemanager.googleapis.com/v1/projects/stalliq:testIamPermissions {"permissions":["cloudfunctions.functions.create","cloudfunctions.functions.delete","cloudfunctions.functions.get","cloudfunctions.functions.list","cloudfunctions.functions.update","cloudfunctions.operations.get","firebase.projects.get"]}
[debug] [2026-05-17T20:21:47.499Z] <<< [apiv2][status] POST https://cloudresourcemanager.googleapis.com/v1/projects/stalliq:testIamPermissions 200
[debug] [2026-05-17T20:21:47.499Z] <<< [apiv2][body] POST https://cloudresourcemanager.googleapis.com/v1/projects/stalliq:testIamPermissions {"permissions":["cloudfunctions.functions.create","cloudfunctions.functions.delete","cloudfunctions.functions.get","cloudfunctions.functions.list","cloudfunctions.functions.update","cloudfunctions.operations.get","firebase.projects.get"]}
[debug] [2026-05-17T20:21:47.500Z] Checked if tokens are valid: true, expires at: 1779051865732
[debug] [2026-05-17T20:21:47.500Z] Checked if tokens are valid: true, expires at: 1779051865732
[debug] [2026-05-17T20:21:47.500Z] >>> [apiv2][query] POST https://iam.googleapis.com/v1/projects/stalliq/serviceAccounts/stalliq@appspot.gserviceaccount.com:testIamPermissions [none]
[debug] [2026-05-17T20:21:47.500Z] >>> [apiv2][body] POST https://iam.googleapis.com/v1/projects/stalliq/serviceAccounts/stalliq@appspot.gserviceaccount.com:testIamPermissions {"permissions":["iam.serviceAccounts.actAs"]}
[debug] [2026-05-17T20:21:48.201Z] <<< [apiv2][status] POST https://iam.googleapis.com/v1/projects/stalliq/serviceAccounts/stalliq@appspot.gserviceaccount.com:testIamPermissions 200
[debug] [2026-05-17T20:21:48.201Z] <<< [apiv2][body] POST https://iam.googleapis.com/v1/projects/stalliq/serviceAccounts/stalliq@appspot.gserviceaccount.com:testIamPermissions {"permissions":["iam.serviceAccounts.actAs"]}
[info] 
[info] === Deploying to 'stalliq'...
[info] 
[info] i  deploying functions 
[debug] [2026-05-17T20:21:48.208Z] Checked if tokens are valid: true, expires at: 1779051865732
[debug] [2026-05-17T20:21:48.208Z] Checked if tokens are valid: true, expires at: 1779051865732
[debug] [2026-05-17T20:21:48.208Z] >>> [apiv2][query] GET https://cloudresourcemanager.googleapis.com/v1/projects/stalliq [none]
[debug] [2026-05-17T20:21:48.382Z] <<< [apiv2][status] GET https://cloudresourcemanager.googleapis.com/v1/projects/stalliq 200
[debug] [2026-05-17T20:21:48.382Z] <<< [apiv2][body] GET https://cloudresourcemanager.googleapis.com/v1/projects/stalliq {"projectNumber":"619290110631","projectId":"stalliq","lifecycleState":"ACTIVE","name":"stalliq-development","labels":{"firebase":"enabled","firebase-core":"disabled"},"createTime":"2026-04-21T11:56:12.245Z"}
[info] i  functions: preparing codebase default for deployment 
[info] i  functions: ensuring required API cloudfunctions.googleapis.com is enabled... 
[info] i  functions: ensuring required API cloudbuild.googleapis.com is enabled... 
[info] i  artifactregistry: ensuring required API artifactregistry.googleapis.com is enabled... 
[debug] [2026-05-17T20:21:48.386Z] Checked if tokens are valid: true, expires at: 1779051865732
[debug] [2026-05-17T20:21:48.386Z] Checked if tokens are valid: true, expires at: 1779051865732
[debug] [2026-05-17T20:21:48.386Z] >>> [apiv2][query] GET https://firebase.googleapis.com/v1beta1/projects/stalliq/adminSdkConfig [none]
[debug] [2026-05-17T20:21:48.722Z] <<< [apiv2][status] GET https://firebase.googleapis.com/v1beta1/projects/stalliq/adminSdkConfig 200
[debug] [2026-05-17T20:21:48.722Z] <<< [apiv2][body] GET https://firebase.googleapis.com/v1beta1/projects/stalliq/adminSdkConfig {"projectId":"stalliq","storageBucket":"stalliq.firebasestorage.app"}
[debug] [2026-05-17T20:21:48.723Z] Checked if tokens are valid: true, expires at: 1779051865732
[debug] [2026-05-17T20:21:48.724Z] Checked if tokens are valid: true, expires at: 1779051865732
[debug] [2026-05-17T20:21:48.724Z] >>> [apiv2][query] GET https://runtimeconfig.googleapis.com/v1beta1/projects/stalliq/configs [none]
[debug] [2026-05-17T20:21:49.021Z] <<< [apiv2][status] GET https://runtimeconfig.googleapis.com/v1beta1/projects/stalliq/configs 200
[debug] [2026-05-17T20:21:49.022Z] <<< [apiv2][body] GET https://runtimeconfig.googleapis.com/v1beta1/projects/stalliq/configs {}
[debug] [2026-05-17T20:21:49.024Z] Validating nodejs source
[warn] !  functions: Runtime Node.js 20 was deprecated on 2026-04-30 and will be decommissioned on 2026-10-30, after which you will not be able to deploy without upgrading. Consider upgrading now to avoid disruption. See https://cloud.google.com/functions/docs/runtime-support for full details on the lifecycle policy 
[warn] !  functions: package.json indicates an outdated version of firebase-functions. Please upgrade using npm install --save firebase-functions@latest in your functions directory. 
[warn] !  functions: Please note that there will be breaking changes when you upgrade. 
[debug] [2026-05-17T20:21:49.839Z] > [functions] package.json contents: {
  "name": "stalliq-functions",
  "description": "Stalliq Firebase Cloud Functions",
  "scripts": {
    "serve": "firebase emulators:start --only functions",
    "deploy": "firebase deploy --only functions",
    "logs": "firebase functions:log"
  },
  "engines": {
    "node": "20"
  },
  "main": "index.js",
  "dependencies": {
    "firebase-admin": "^12.0.0",
    "firebase-functions": "^5.1.0",
    "twilio": "^5.3.0"
  },
  "private": true
}
[debug] [2026-05-17T20:21:49.839Z] Building nodejs source
[info] i  functions: Loading and analyzing source code for codebase default to determine what to deploy 
[debug] [2026-05-17T20:21:49.841Z] Could not find functions.yaml. Must use http discovery
[debug] [2026-05-17T20:21:49.849Z] Found firebase-functions binary at 'C:\Users\julia\OneDrive\Documents\Engineering\La Muletti\lamulettipizza\functions\node_modules\.bin\firebase-functions'
[info] Serving at port 8998

[debug] [2026-05-17T20:21:50.473Z] Got response from /__/functions.yaml {"endpoints":{"orderReadyNotification":{"platform":"gcfv1","availableMemoryMb":null,"timeoutSeconds":null,"minInstances":null,"maxInstances":null,"ingressSettings":null,"serviceAccountEmail":null,"vpc":null,"region":["europe-west2"],"eventTrigger":{"eventType":"providers/cloud.firestore/eventTypes/document.update","eventFilters":{"resource":"projects/stalliq/databases/(default)/documents/orders/{orderId}"},"retry":false},"labels":{},"entryPoint":"orderReadyNotification"}},"specVersion":"v1alpha1","requiredAPIs":[],"extensions":{}}
[debug] [2026-05-17T20:21:54.508Z] Checked if tokens are valid: true, expires at: 1779051865732
[debug] [2026-05-17T20:21:54.508Z] Checked if tokens are valid: true, expires at: 1779051865732
[debug] [2026-05-17T20:21:54.508Z] >>> [apiv2][query] GET https://cloudfunctions.googleapis.com/v1/projects/stalliq/locations/-/functions [none]
[debug] [2026-05-17T20:21:55.138Z] <<< [apiv2][status] GET https://cloudfunctions.googleapis.com/v1/projects/stalliq/locations/-/functions 200
[debug] [2026-05-17T20:21:55.138Z] <<< [apiv2][body] GET https://cloudfunctions.googleapis.com/v1/projects/stalliq/locations/-/functions {}
[debug] [2026-05-17T20:21:55.139Z] Checked if tokens are valid: true, expires at: 1779051865732
[debug] [2026-05-17T20:21:55.139Z] Checked if tokens are valid: true, expires at: 1779051865732
[debug] [2026-05-17T20:21:55.139Z] >>> [apiv2][query] GET https://cloudfunctions.googleapis.com/v2/projects/stalliq/locations/-/functions filter=environment%3D%22GEN_2%22
[debug] [2026-05-17T20:21:56.112Z] <<< [apiv2][status] GET https://cloudfunctions.googleapis.com/v2/projects/stalliq/locations/-/functions 200
[debug] [2026-05-17T20:21:56.112Z] <<< [apiv2][body] GET https://cloudfunctions.googleapis.com/v2/projects/stalliq/locations/-/functions {}
[info] i  extensions: ensuring required API firebaseextensions.googleapis.com is enabled... 
[debug] [2026-05-17T20:21:56.114Z] > command requires scopes: ["email","openid","https://www.googleapis.com/auth/cloudplatformprojects.readonly","https://www.googleapis.com/auth/firebase","https://www.googleapis.com/auth/cloud-platform"]
[debug] [2026-05-17T20:21:56.114Z] > authorizing via signed-in user (julian@endoo.co.uk)
[debug] [2026-05-17T20:21:56.114Z] [iam] checking project stalliq for permissions ["firebase.projects.get","firebaseextensions.instances.list"]
[debug] [2026-05-17T20:21:56.114Z] Checked if tokens are valid: true, expires at: 1779051865732
[debug] [2026-05-17T20:21:56.114Z] Checked if tokens are valid: true, expires at: 1779051865732
[debug] [2026-05-17T20:21:56.115Z] >>> [apiv2][query] POST https://cloudresourcemanager.googleapis.com/v1/projects/stalliq:testIamPermissions [none]
[debug] [2026-05-17T20:21:56.115Z] >>> [apiv2][(partial)header] POST https://cloudresourcemanager.googleapis.com/v1/projects/stalliq:testIamPermissions  x-goog-user-project=stalliq
[debug] [2026-05-17T20:21:56.115Z] >>> [apiv2][body] POST https://cloudresourcemanager.googleapis.com/v1/projects/stalliq:testIamPermissions {"permissions":["firebase.projects.get","firebaseextensions.instances.list"]}
[debug] [2026-05-17T20:21:56.266Z] <<< [apiv2][status] POST https://cloudresourcemanager.googleapis.com/v1/projects/stalliq:testIamPermissions 200
[debug] [2026-05-17T20:21:56.266Z] <<< [apiv2][body] POST https://cloudresourcemanager.googleapis.com/v1/projects/stalliq:testIamPermissions {"permissions":["firebase.projects.get","firebaseextensions.instances.list"]}
[debug] [2026-05-17T20:21:56.267Z] Checked if tokens are valid: true, expires at: 1779051865732
[debug] [2026-05-17T20:21:56.267Z] Checked if tokens are valid: true, expires at: 1779051865732
[debug] [2026-05-17T20:21:56.267Z] >>> [apiv2][query] GET https://firebaseextensions.googleapis.com/v1beta/projects/stalliq/instances pageSize=100&pageToken=
[debug] [2026-05-17T20:21:56.966Z] <<< [apiv2][status] GET https://firebaseextensions.googleapis.com/v1beta/projects/stalliq/instances 200
[debug] [2026-05-17T20:21:56.966Z] <<< [apiv2][body] GET https://firebaseextensions.googleapis.com/v1beta/projects/stalliq/instances {}
[info] i  functions: Loaded environment variables from .env. 
[info] i  functions: preparing functions directory for uploading... 
[info] i  functions: packaged C:\Users\julia\OneDrive\Documents\Engineering\La Muletti\lamulettipizza\functions (13.84 KB) for uploading 
[debug] [2026-05-17T20:21:57.014Z] Checked if tokens are valid: true, expires at: 1779051865732
[debug] [2026-05-17T20:21:57.014Z] Checked if tokens are valid: true, expires at: 1779051865732
[debug] [2026-05-17T20:21:57.014Z] >>> [apiv2][query] GET https://firestore.googleapis.com/v1/projects/stalliq/databases/(default) [none]
[debug] [2026-05-17T20:21:57.095Z] <<< [apiv2][status] GET https://firestore.googleapis.com/v1/projects/stalliq/databases/(default) 200
[debug] [2026-05-17T20:21:57.095Z] <<< [apiv2][body] GET https://firestore.googleapis.com/v1/projects/stalliq/databases/(default) {"name":"projects/stalliq/databases/(default)","uid":"372f1f90-113a-4d44-901a-949e5f5b7e9a","createTime":"2026-04-21T12:04:41.785363Z","updateTime":"2026-04-21T12:04:41.785363Z","locationId":"europe-west2","type":"FIRESTORE_NATIVE","concurrencyMode":"PESSIMISTIC","versionRetentionPeriod":"3600s","earliestVersionTime":"2026-05-17T19:21:54.411968Z","appEngineIntegrationMode":"DISABLED","keyPrefix":"g","pointInTimeRecoveryEnablement":"POINT_IN_TIME_RECOVERY_DISABLED","deleteProtectionState":"DELETE_PROTECTION_DISABLED","databaseEdition":"STANDARD","freeTier":true,"realtimeUpdatesMode":"REALTIME_UPDATES_MODE_ENABLED","etag":"IIfHsZOTwZQDMNfClvjkjZQD"}
[debug] [2026-05-17T20:21:57.098Z] Checked if tokens are valid: true, expires at: 1779051865732
[debug] [2026-05-17T20:21:57.098Z] Checked if tokens are valid: true, expires at: 1779051865732
[debug] [2026-05-17T20:21:57.098Z] >>> [apiv2][query] GET https://cloudresourcemanager.googleapis.com/v1/projects/stalliq [none]
[debug] [2026-05-17T20:21:57.252Z] <<< [apiv2][status] GET https://cloudresourcemanager.googleapis.com/v1/projects/stalliq 200
[debug] [2026-05-17T20:21:57.253Z] <<< [apiv2][body] GET https://cloudresourcemanager.googleapis.com/v1/projects/stalliq {"projectNumber":"619290110631","projectId":"stalliq","lifecycleState":"ACTIVE","name":"stalliq-development","labels":{"firebase":"enabled","firebase-core":"disabled"},"createTime":"2026-04-21T11:56:12.245Z"}
[debug] [2026-05-17T20:21:57.254Z] Checked if tokens are valid: true, expires at: 1779051865732
[debug] [2026-05-17T20:21:57.254Z] Checked if tokens are valid: true, expires at: 1779051865732
[debug] [2026-05-17T20:21:57.255Z] >>> [apiv2][query] GET https://cloudbilling.googleapis.com/v1/projects/stalliq/billingInfo [none]
[debug] [2026-05-17T20:21:57.620Z] <<< [apiv2][status] GET https://cloudbilling.googleapis.com/v1/projects/stalliq/billingInfo 200
[debug] [2026-05-17T20:21:57.620Z] <<< [apiv2][body] GET https://cloudbilling.googleapis.com/v1/projects/stalliq/billingInfo {"name":"projects/stalliq/billingInfo","projectId":"stalliq","billingAccountName":"billingAccounts/011A8D-D8C26F-811CED","billingEnabled":true}
[debug] [2026-05-17T20:21:57.622Z] Checked if tokens are valid: true, expires at: 1779051865732
[debug] [2026-05-17T20:21:57.622Z] Checked if tokens are valid: true, expires at: 1779051865732
[debug] [2026-05-17T20:21:57.623Z] >>> [apiv2][query] POST https://cloudfunctions.googleapis.com/v1/projects/stalliq/locations/europe-west2/functions:generateUploadUrl [none]
[debug] [2026-05-17T20:21:57.623Z] >>> [apiv2][body] POST https://cloudfunctions.googleapis.com/v1/projects/stalliq/locations/europe-west2/functions:generateUploadUrl {}
[debug] [2026-05-17T20:21:58.414Z] <<< [apiv2][status] POST https://cloudfunctions.googleapis.com/v1/projects/stalliq/locations/europe-west2/functions:generateUploadUrl 200
[debug] [2026-05-17T20:21:58.415Z] <<< [apiv2][body] POST https://cloudfunctions.googleapis.com/v1/projects/stalliq/locations/europe-west2/functions:generateUploadUrl {"uploadUrl":"https://storage.googleapis.com/uploads-923597801757.europe-west2.cloudfunctions.appspot.com/b36345e2-d7e3-413c-bc6b-fabba8f05370.zip?GoogleAccessId=service-619290110631@gcf-admin-robot.iam.gserviceaccount.com&Expires=1779051115&Signature=LWnMBuIje2BVKjy9ipUvRMQfv7D53Gz%2F%2BF9nJsb6el%2BImWZ400IwNBqSqkmN92%2BoHfJtlGQmH75ohvfAXjhKPjjF9Cl9ux14IwA%2FdKumtt9%2BWtaIRlZ%2Fk9B3rhHg3rRoPr5TDD%2F6mUj8dJzwMY4bfAplKAb4nfvmPUBFtZDYlDcGE%2BusBmvsP7qzT%2B%2FeWLfoW2Gmqxy4S1%2BNRuGIKb9tu9a1WGtwAi7NoqmbcUV4K1HNGzEDCoPcZcb%2FE1GZ7YPUQfgDfKGG4HtG%2BgYnZxJVV552yV%2FeQG%2FIeE3j2nX%2BsTiyRH0sa1CkUMCWSkG3RwQynkhxDzFNI%2BcBo6zDu1Q5YA%3D%3D"}
[debug] [2026-05-17T20:21:58.416Z] >>> [apiv2][query] PUT https://storage.googleapis.com/uploads-923597801757.europe-west2.cloudfunctions.appspot.com/b36345e2-d7e3-413c-bc6b-fabba8f05370.zip GoogleAccessId=service-619290110631%40gcf-admin-robot.iam.gserviceaccount.com&Expires=1779051115&Signature=LWnMBuIje2BVKjy9ipUvRMQfv7D53Gz%2F%2BF9nJsb6el%2BImWZ400IwNBqSqkmN92%2BoHfJtlGQmH75ohvfAXjhKPjjF9Cl9ux14IwA%2FdKumtt9%2BWtaIRlZ%2Fk9B3rhHg3rRoPr5TDD%2F6mUj8dJzwMY4bfAplKAb4nfvmPUBFtZDYlDcGE%2BusBmvsP7qzT%2B%2FeWLfoW2Gmqxy4S1%2BNRuGIKb9tu9a1WGtwAi7NoqmbcUV4K1HNGzEDCoPcZcb%2FE1GZ7YPUQfgDfKGG4HtG%2BgYnZxJVV552yV%2FeQG%2FIeE3j2nX%2BsTiyRH0sa1CkUMCWSkG3RwQynkhxDzFNI%2BcBo6zDu1Q5YA%3D%3D
[debug] [2026-05-17T20:21:58.416Z] >>> [apiv2][body] PUT https://storage.googleapis.com/uploads-923597801757.europe-west2.cloudfunctions.appspot.com/b36345e2-d7e3-413c-bc6b-fabba8f05370.zip [stream]
[debug] [2026-05-17T20:21:58.548Z] <<< [apiv2][status] PUT https://storage.googleapis.com/uploads-923597801757.europe-west2.cloudfunctions.appspot.com/b36345e2-d7e3-413c-bc6b-fabba8f05370.zip 200
[debug] [2026-05-17T20:21:58.548Z] <<< [apiv2][body] PUT https://storage.googleapis.com/uploads-923597801757.europe-west2.cloudfunctions.appspot.com/b36345e2-d7e3-413c-bc6b-fabba8f05370.zip [omitted]
[info] +  functions: functions source uploaded successfully 
[info] i  functions: creating Node.js 20 (1st Gen) function orderReadyNotification(europe-west2)... 
[debug] [2026-05-17T20:21:58.555Z] Checked if tokens are valid: true, expires at: 1779051865732
[debug] [2026-05-17T20:21:58.555Z] Checked if tokens are valid: true, expires at: 1779051865732
[debug] [2026-05-17T20:21:58.555Z] >>> [apiv2][query] POST https://cloudfunctions.googleapis.com/v1/projects/stalliq/locations/europe-west2/functions [none]
[debug] [2026-05-17T20:21:58.555Z] >>> [apiv2][body] POST https://cloudfunctions.googleapis.com/v1/projects/stalliq/locations/europe-west2/functions {"name":"projects/stalliq/locations/europe-west2/functions/orderReadyNotification","sourceUploadUrl":"https://storage.googleapis.com/uploads-923597801757.europe-west2.cloudfunctions.appspot.com/b36345e2-d7e3-413c-bc6b-fabba8f05370.zip?GoogleAccessId=service-619290110631@gcf-admin-robot.iam.gserviceaccount.com&Expires=1779051115&Signature=LWnMBuIje2BVKjy9ipUvRMQfv7D53Gz%2F%2BF9nJsb6el%2BImWZ400IwNBqSqkmN92%2BoHfJtlGQmH75ohvfAXjhKPjjF9Cl9ux14IwA%2FdKumtt9%2BWtaIRlZ%2Fk9B3rhHg3rRoPr5TDD%2F6mUj8dJzwMY4bfAplKAb4nfvmPUBFtZDYlDcGE%2BusBmvsP7qzT%2B%2FeWLfoW2Gmqxy4S1%2BNRuGIKb9tu9a1WGtwAi7NoqmbcUV4K1HNGzEDCoPcZcb%2FE1GZ7YPUQfgDfKGG4HtG%2BgYnZxJVV552yV%2FeQG%2FIeE3j2nX%2BsTiyRH0sa1CkUMCWSkG3RwQynkhxDzFNI%2BcBo6zDu1Q5YA%3D%3D","entryPoint":"orderReadyNotification","runtime":"nodejs20","dockerRegistry":"ARTIFACT_REGISTRY","labels":{"deployment-tool":"cli-firebase","firebase-functions-hash":"be9795cf7c9e9ff1c60c67de05d5a8d7c4395611"},"eventTrigger":{"eventType":"providers/cloud.firestore/eventTypes/document.update","resource":"projects/stalliq/databases/(default)/documents/orders/{orderId}"},"minInstances":null,"maxInstances":null,"ingressSettings":null,"environmentVariables":{"TWILIO_ACCOUNT_SID":"ACxxxxxxxxxxxxxxxxxxxxxxxxxxxxxxxx","TWILIO_AUTH_TOKEN":"your_auth_token_here","TWILIO_WHATSAPP_FROM":"whatsapp:+44XXXXXXXXXX","TWILIO_SMS_FROM":"+44XXXXXXXXXX","TWILIO_TEMPLATE_SID":"HXb0f2b4e74995392bf1f82095d577036c","FIREBASE_CONFIG":"{\"projectId\":\"stalliq\",\"storageBucket\":\"stalliq.firebasestorage.app\"}","GCLOUD_PROJECT":"stalliq","EVENTARC_CLOUD_EVENT_SOURCE":"projects/stalliq/locations/europe-west2/functions/orderReadyNotification"},"serviceAccountEmail":null,"availableMemoryMb":null,"timeout":null,"vpcConnector":null,"vpcConnectorEgressSettings":null,"buildEnvironmentVariables":{"GOOGLE_NODE_RUN_SCRIPTS":""}}
[debug] [2026-05-17T20:21:59.160Z] <<< [apiv2][status] POST https://cloudfunctions.googleapis.com/v1/projects/stalliq/locations/europe-west2/functions 200
[debug] [2026-05-17T20:21:59.160Z] <<< [apiv2][body] POST https://cloudfunctions.googleapis.com/v1/projects/stalliq/locations/europe-west2/functions {"name":"operations/cHJvamVjdHMvc3RhbGxpcS9sb2NhdGlvbnMvZXVyb3BlLXdlc3QyL29wZXJhdGlvbnMvb3BlcmF0aW9uLTE3NzkwNDkzMTU5NDMtNjUyMDkzMjgzYzMyYi03MGUzMzRjNS04MDhjODU5Ng","metadata":{"@type":"type.googleapis.com/google.cloud.functions.v1.OperationMetadataV1","target":"projects/stalliq/locations/europe-west2/functions/orderReadyNotification","updateTime":"2026-05-17T20:21:56.451037491Z"}}
[debug] [2026-05-17T20:21:59.161Z] Checked if tokens are valid: true, expires at: 1779051865732
[debug] [2026-05-17T20:21:59.161Z] Checked if tokens are valid: true, expires at: 1779051865732
[debug] [2026-05-17T20:21:59.161Z] >>> [apiv2][query] GET https://cloudfunctions.googleapis.com/v1/operations/cHJvamVjdHMvc3RhbGxpcS9sb2NhdGlvbnMvZXVyb3BlLXdlc3QyL29wZXJhdGlvbnMvb3BlcmF0aW9uLTE3NzkwNDkzMTU5NDMtNjUyMDkzMjgzYzMyYi03MGUzMzRjNS04MDhjODU5Ng [none]
[debug] [2026-05-17T20:21:59.262Z] <<< [apiv2][status] GET https://cloudfunctions.googleapis.com/v1/operations/cHJvamVjdHMvc3RhbGxpcS9sb2NhdGlvbnMvZXVyb3BlLXdlc3QyL29wZXJhdGlvbnMvb3BlcmF0aW9uLTE3NzkwNDkzMTU5NDMtNjUyMDkzMjgzYzMyYi03MGUzMzRjNS04MDhjODU5Ng 200
[debug] [2026-05-17T20:21:59.262Z] <<< [apiv2][body] GET https://cloudfunctions.googleapis.com/v1/operations/cHJvamVjdHMvc3RhbGxpcS9sb2NhdGlvbnMvZXVyb3BlLXdlc3QyL29wZXJhdGlvbnMvb3BlcmF0aW9uLTE3NzkwNDkzMTU5NDMtNjUyMDkzMjgzYzMyYi03MGUzMzRjNS04MDhjODU5Ng {"name":"operations/cHJvamVjdHMvc3RhbGxpcS9sb2NhdGlvbnMvZXVyb3BlLXdlc3QyL29wZXJhdGlvbnMvb3BlcmF0aW9uLTE3NzkwNDkzMTU5NDMtNjUyMDkzMjgzYzMyYi03MGUzMzRjNS04MDhjODU5Ng","metadata":{"@type":"type.googleapis.com/google.cloud.functions.v1.OperationMetadataV1","target":"projects/stalliq/locations/europe-west2/functions/orderReadyNotification","updateTime":"2026-05-17T20:21:56.451037491Z"}}
[debug] [2026-05-17T20:21:59.775Z] [create-default-europe-west2-orderReadyNotification] Retrying task index 0
[debug] [2026-05-17T20:21:59.775Z] Checked if tokens are valid: true, expires at: 1779051865732
[debug] [2026-05-17T20:21:59.776Z] Checked if tokens are valid: true, expires at: 1779051865732
[debug] [2026-05-17T20:21:59.776Z] >>> [apiv2][query] GET https://cloudfunctions.googleapis.com/v1/operations/cHJvamVjdHMvc3RhbGxpcS9sb2NhdGlvbnMvZXVyb3BlLXdlc3QyL29wZXJhdGlvbnMvb3BlcmF0aW9uLTE3NzkwNDkzMTU5NDMtNjUyMDkzMjgzYzMyYi03MGUzMzRjNS04MDhjODU5Ng [none]
[debug] [2026-05-17T20:21:59.871Z] <<< [apiv2][status] GET https://cloudfunctions.googleapis.com/v1/operations/cHJvamVjdHMvc3RhbGxpcS9sb2NhdGlvbnMvZXVyb3BlLXdlc3QyL29wZXJhdGlvbnMvb3BlcmF0aW9uLTE3NzkwNDkzMTU5NDMtNjUyMDkzMjgzYzMyYi03MGUzMzRjNS04MDhjODU5Ng 200
[debug] [2026-05-17T20:21:59.871Z] <<< [apiv2][body] GET https://cloudfunctions.googleapis.com/v1/operations/cHJvamVjdHMvc3RhbGxpcS9sb2NhdGlvbnMvZXVyb3BlLXdlc3QyL29wZXJhdGlvbnMvb3BlcmF0aW9uLTE3NzkwNDkzMTU5NDMtNjUyMDkzMjgzYzMyYi03MGUzMzRjNS04MDhjODU5Ng {"name":"operations/cHJvamVjdHMvc3RhbGxpcS9sb2NhdGlvbnMvZXVyb3BlLXdlc3QyL29wZXJhdGlvbnMvb3BlcmF0aW9uLTE3NzkwNDkzMTU5NDMtNjUyMDkzMjgzYzMyYi03MGUzMzRjNS04MDhjODU5Ng","metadata":{"@type":"type.googleapis.com/google.cloud.functions.v1.OperationMetadataV1","target":"projects/stalliq/locations/europe-west2/functions/orderReadyNotification","updateTime":"2026-05-17T20:21:56.451037491Z"}}
[debug] [2026-05-17T20:22:00.876Z] [create-default-europe-west2-orderReadyNotification] Retrying task index 0
[debug] [2026-05-17T20:22:00.876Z] Checked if tokens are valid: true, expires at: 1779051865732
[debug] [2026-05-17T20:22:00.876Z] Checked if tokens are valid: true, expires at: 1779051865732
[debug] [2026-05-17T20:22:00.876Z] >>> [apiv2][query] GET https://cloudfunctions.googleapis.com/v1/operations/cHJvamVjdHMvc3RhbGxpcS9sb2NhdGlvbnMvZXVyb3BlLXdlc3QyL29wZXJhdGlvbnMvb3BlcmF0aW9uLTE3NzkwNDkzMTU5NDMtNjUyMDkzMjgzYzMyYi03MGUzMzRjNS04MDhjODU5Ng [none]
[debug] [2026-05-17T20:22:00.935Z] <<< [apiv2][status] GET https://cloudfunctions.googleapis.com/v1/operations/cHJvamVjdHMvc3RhbGxpcS9sb2NhdGlvbnMvZXVyb3BlLXdlc3QyL29wZXJhdGlvbnMvb3BlcmF0aW9uLTE3NzkwNDkzMTU5NDMtNjUyMDkzMjgzYzMyYi03MGUzMzRjNS04MDhjODU5Ng 200
[debug] [2026-05-17T20:22:00.936Z] <<< [apiv2][body] GET https://cloudfunctions.googleapis.com/v1/operations/cHJvamVjdHMvc3RhbGxpcS9sb2NhdGlvbnMvZXVyb3BlLXdlc3QyL29wZXJhdGlvbnMvb3BlcmF0aW9uLTE3NzkwNDkzMTU5NDMtNjUyMDkzMjgzYzMyYi03MGUzMzRjNS04MDhjODU5Ng {"name":"operations/cHJvamVjdHMvc3RhbGxpcS9sb2NhdGlvbnMvZXVyb3BlLXdlc3QyL29wZXJhdGlvbnMvb3BlcmF0aW9uLTE3NzkwNDkzMTU5NDMtNjUyMDkzMjgzYzMyYi03MGUzMzRjNS04MDhjODU5Ng","metadata":{"@type":"type.googleapis.com/google.cloud.functions.v1.OperationMetadataV1","target":"projects/stalliq/locations/europe-west2/functions/orderReadyNotification","type":"CREATE_FUNCTION","request":{"@type":"type.googleapis.com/google.cloud.functions.v1.CloudFunction","name":"projects/stalliq/locations/europe-west2/functions/orderReadyNotification","eventTrigger":{"eventType":"providers/cloud.firestore/eventTypes/document.update","resource":"projects/stalliq/databases/(default)/documents/orders/{orderId}","failurePolicy":{}},"entryPoint":"orderReadyNotification","updateTime":"1970-01-01T00:00:00Z","labels":{"deployment-tool":"cli-firebase","firebase-functions-hash":"be9795cf7c9e9ff1c60c67de05d5a8d7c4395611"},"sourceUploadUrl":"https://storage.googleapis.com/uploads-923597801757.europe-west2.cloudfunctions.appspot.com/b36345e2-d7e3-413c-bc6b-fabba8f05370.zip?GoogleAccessId=service-619290110631@gcf-admin-robot.iam.gserviceaccount.com&Expires=1779051115&Signature=LWnMBuIje2BVKjy9ipUvRMQfv7D53Gz%2F%2BF9nJsb6el%2BImWZ400IwNBqSqkmN92%2BoHfJtlGQmH75ohvfAXjhKPjjF9Cl9ux14IwA%2FdKumtt9%2BWtaIRlZ%2Fk9B3rhHg3rRoPr5TDD%2F6mUj8dJzwMY4bfAplKAb4nfvmPUBFtZDYlDcGE%2BusBmvsP7qzT%2B%2FeWLfoW2Gmqxy4S1%2BNRuGIKb9tu9a1WGtwAi7NoqmbcUV4K1HNGzEDCoPcZcb%2FE1GZ7YPUQfgDfKGG4HtG%2BgYnZxJVV552yV%2FeQG%2FIeE3j2nX%2BsTiyRH0sa1CkUMCWSkG3RwQynkhxDzFNI%2BcBo6zDu1Q5YA%3D%3D","environmentVariables":{"TWILIO_ACCOUNT_SID":"ACxxxxxxxxxxxxxxxxxxxxxxxxxxxxxxxx","TWILIO_AUTH_TOKEN":"your_auth_token_here","TWILIO_WHATSAPP_FROM":"whatsapp:+44XXXXXXXXXX","TWILIO_SMS_FROM":"+44XXXXXXXXXX","TWILIO_TEMPLATE_SID":"HXb0f2b4e74995392bf1f82095d577036c","FIREBASE_CONFIG":"{\"projectId\":\"stalliq\",\"storageBucket\":\"stalliq.firebasestorage.app\"}","GCLOUD_PROJECT":"stalliq","EVENTARC_CLOUD_EVENT_SOURCE":"projects/stalliq/locations/europe-west2/functions/orderReadyNotification"},"runtime":"nodejs20","buildEnvironmentVariables":{"GOOGLE_NODE_RUN_SCRIPTS":""},"dockerRegistry":"ARTIFACT_REGISTRY"},"versionId":"1","updateTime":"2026-05-17T20:21:56.451037491Z"}}
[debug] [2026-05-17T20:22:02.945Z] [create-default-europe-west2-orderReadyNotification] Retrying task index 0
[debug] [2026-05-17T20:22:02.945Z] Checked if tokens are valid: true, expires at: 1779051865732
[debug] [2026-05-17T20:22:02.945Z] Checked if tokens are valid: true, expires at: 1779051865732
[debug] [2026-05-17T20:22:02.945Z] >>> [apiv2][query] GET https://cloudfunctions.googleapis.com/v1/operations/cHJvamVjdHMvc3RhbGxpcS9sb2NhdGlvbnMvZXVyb3BlLXdlc3QyL29wZXJhdGlvbnMvb3BlcmF0aW9uLTE3NzkwNDkzMTU5NDMtNjUyMDkzMjgzYzMyYi03MGUzMzRjNS04MDhjODU5Ng [none]
[debug] [2026-05-17T20:22:03.019Z] <<< [apiv2][status] GET https://cloudfunctions.googleapis.com/v1/operations/cHJvamVjdHMvc3RhbGxpcS9sb2NhdGlvbnMvZXVyb3BlLXdlc3QyL29wZXJhdGlvbnMvb3BlcmF0aW9uLTE3NzkwNDkzMTU5NDMtNjUyMDkzMjgzYzMyYi03MGUzMzRjNS04MDhjODU5Ng 200
[debug] [2026-05-17T20:22:03.019Z] <<< [apiv2][body] GET https://cloudfunctions.googleapis.com/v1/operations/cHJvamVjdHMvc3RhbGxpcS9sb2NhdGlvbnMvZXVyb3BlLXdlc3QyL29wZXJhdGlvbnMvb3BlcmF0aW9uLTE3NzkwNDkzMTU5NDMtNjUyMDkzMjgzYzMyYi03MGUzMzRjNS04MDhjODU5Ng {"name":"operations/cHJvamVjdHMvc3RhbGxpcS9sb2NhdGlvbnMvZXVyb3BlLXdlc3QyL29wZXJhdGlvbnMvb3BlcmF0aW9uLTE3NzkwNDkzMTU5NDMtNjUyMDkzMjgzYzMyYi03MGUzMzRjNS04MDhjODU5Ng","metadata":{"@type":"type.googleapis.com/google.cloud.functions.v1.OperationMetadataV1","target":"projects/stalliq/locations/europe-west2/functions/orderReadyNotification","type":"CREATE_FUNCTION","request":{"@type":"type.googleapis.com/google.cloud.functions.v1.CloudFunction","name":"projects/stalliq/locations/europe-west2/functions/orderReadyNotification","eventTrigger":{"eventType":"providers/cloud.firestore/eventTypes/document.update","resource":"projects/stalliq/databases/(default)/documents/orders/{orderId}","failurePolicy":{}},"entryPoint":"orderReadyNotification","updateTime":"1970-01-01T00:00:00Z","labels":{"deployment-tool":"cli-firebase","firebase-functions-hash":"be9795cf7c9e9ff1c60c67de05d5a8d7c4395611"},"sourceUploadUrl":"https://storage.googleapis.com/uploads-923597801757.europe-west2.cloudfunctions.appspot.com/b36345e2-d7e3-413c-bc6b-fabba8f05370.zip?GoogleAccessId=service-619290110631@gcf-admin-robot.iam.gserviceaccount.com&Expires=1779051115&Signature=LWnMBuIje2BVKjy9ipUvRMQfv7D53Gz%2F%2BF9nJsb6el%2BImWZ400IwNBqSqkmN92%2BoHfJtlGQmH75ohvfAXjhKPjjF9Cl9ux14IwA%2FdKumtt9%2BWtaIRlZ%2Fk9B3rhHg3rRoPr5TDD%2F6mUj8dJzwMY4bfAplKAb4nfvmPUBFtZDYlDcGE%2BusBmvsP7qzT%2B%2FeWLfoW2Gmqxy4S1%2BNRuGIKb9tu9a1WGtwAi7NoqmbcUV4K1HNGzEDCoPcZcb%2FE1GZ7YPUQfgDfKGG4HtG%2BgYnZxJVV552yV%2FeQG%2FIeE3j2nX%2BsTiyRH0sa1CkUMCWSkG3RwQynkhxDzFNI%2BcBo6zDu1Q5YA%3D%3D","environmentVariables":{"TWILIO_ACCOUNT_SID":"ACxxxxxxxxxxxxxxxxxxxxxxxxxxxxxxxx","TWILIO_AUTH_TOKEN":"your_auth_token_here","TWILIO_WHATSAPP_FROM":"whatsapp:+44XXXXXXXXXX","TWILIO_SMS_FROM":"+44XXXXXXXXXX","TWILIO_TEMPLATE_SID":"HXb0f2b4e74995392bf1f82095d577036c","FIREBASE_CONFIG":"{\"projectId\":\"stalliq\",\"storageBucket\":\"stalliq.firebasestorage.app\"}","GCLOUD_PROJECT":"stalliq","EVENTARC_CLOUD_EVENT_SOURCE":"projects/stalliq/locations/europe-west2/functions/orderReadyNotification"},"runtime":"nodejs20","buildEnvironmentVariables":{"GOOGLE_NODE_RUN_SCRIPTS":""},"dockerRegistry":"ARTIFACT_REGISTRY"},"versionId":"1","updateTime":"2026-05-17T20:21:56.451037491Z"}}
[debug] [2026-05-17T20:22:07.024Z] [create-default-europe-west2-orderReadyNotification] Retrying task index 0
[debug] [2026-05-17T20:22:07.025Z] Checked if tokens are valid: true, expires at: 1779051865732
[debug] [2026-05-17T20:22:07.025Z] Checked if tokens are valid: true, expires at: 1779051865732
[debug] [2026-05-17T20:22:07.025Z] >>> [apiv2][query] GET https://cloudfunctions.googleapis.com/v1/operations/cHJvamVjdHMvc3RhbGxpcS9sb2NhdGlvbnMvZXVyb3BlLXdlc3QyL29wZXJhdGlvbnMvb3BlcmF0aW9uLTE3NzkwNDkzMTU5NDMtNjUyMDkzMjgzYzMyYi03MGUzMzRjNS04MDhjODU5Ng [none]
[debug] [2026-05-17T20:22:07.245Z] <<< [apiv2][status] GET https://cloudfunctions.googleapis.com/v1/operations/cHJvamVjdHMvc3RhbGxpcS9sb2NhdGlvbnMvZXVyb3BlLXdlc3QyL29wZXJhdGlvbnMvb3BlcmF0aW9uLTE3NzkwNDkzMTU5NDMtNjUyMDkzMjgzYzMyYi03MGUzMzRjNS04MDhjODU5Ng 200
[debug] [2026-05-17T20:22:07.245Z] <<< [apiv2][body] GET https://cloudfunctions.googleapis.com/v1/operations/cHJvamVjdHMvc3RhbGxpcS9sb2NhdGlvbnMvZXVyb3BlLXdlc3QyL29wZXJhdGlvbnMvb3BlcmF0aW9uLTE3NzkwNDkzMTU5NDMtNjUyMDkzMjgzYzMyYi03MGUzMzRjNS04MDhjODU5Ng {"name":"operations/cHJvamVjdHMvc3RhbGxpcS9sb2NhdGlvbnMvZXVyb3BlLXdlc3QyL29wZXJhdGlvbnMvb3BlcmF0aW9uLTE3NzkwNDkzMTU5NDMtNjUyMDkzMjgzYzMyYi03MGUzMzRjNS04MDhjODU5Ng","metadata":{"@type":"type.googleapis.com/google.cloud.functions.v1.OperationMetadataV1","target":"projects/stalliq/locations/europe-west2/functions/orderReadyNotification","type":"CREATE_FUNCTION","request":{"@type":"type.googleapis.com/google.cloud.functions.v1.CloudFunction","name":"projects/stalliq/locations/europe-west2/functions/orderReadyNotification","eventTrigger":{"eventType":"providers/cloud.firestore/eventTypes/document.update","resource":"projects/stalliq/databases/(default)/documents/orders/{orderId}","failurePolicy":{}},"entryPoint":"orderReadyNotification","updateTime":"1970-01-01T00:00:00Z","labels":{"deployment-tool":"cli-firebase","firebase-functions-hash":"be9795cf7c9e9ff1c60c67de05d5a8d7c4395611"},"sourceUploadUrl":"https://storage.googleapis.com/uploads-923597801757.europe-west2.cloudfunctions.appspot.com/b36345e2-d7e3-413c-bc6b-fabba8f05370.zip?GoogleAccessId=service-619290110631@gcf-admin-robot.iam.gserviceaccount.com&Expires=1779051115&Signature=LWnMBuIje2BVKjy9ipUvRMQfv7D53Gz%2F%2BF9nJsb6el%2BImWZ400IwNBqSqkmN92%2BoHfJtlGQmH75ohvfAXjhKPjjF9Cl9ux14IwA%2FdKumtt9%2BWtaIRlZ%2Fk9B3rhHg3rRoPr5TDD%2F6mUj8dJzwMY4bfAplKAb4nfvmPUBFtZDYlDcGE%2BusBmvsP7qzT%2B%2FeWLfoW2Gmqxy4S1%2BNRuGIKb9tu9a1WGtwAi7NoqmbcUV4K1HNGzEDCoPcZcb%2FE1GZ7YPUQfgDfKGG4HtG%2BgYnZxJVV552yV%2FeQG%2FIeE3j2nX%2BsTiyRH0sa1CkUMCWSkG3RwQynkhxDzFNI%2BcBo6zDu1Q5YA%3D%3D","environmentVariables":{"TWILIO_ACCOUNT_SID":"ACxxxxxxxxxxxxxxxxxxxxxxxxxxxxxxxx","TWILIO_AUTH_TOKEN":"your_auth_token_here","TWILIO_WHATSAPP_FROM":"whatsapp:+44XXXXXXXXXX","TWILIO_SMS_FROM":"+44XXXXXXXXXX","TWILIO_TEMPLATE_SID":"HXb0f2b4e74995392bf1f82095d577036c","FIREBASE_CONFIG":"{\"projectId\":\"stalliq\",\"storageBucket\":\"stalliq.firebasestorage.app\"}","GCLOUD_PROJECT":"stalliq","EVENTARC_CLOUD_EVENT_SOURCE":"projects/stalliq/locations/europe-west2/functions/orderReadyNotification"},"runtime":"nodejs20","buildEnvironmentVariables":{"GOOGLE_NODE_RUN_SCRIPTS":""},"dockerRegistry":"ARTIFACT_REGISTRY"},"versionId":"1","updateTime":"2026-05-17T20:21:56.451037491Z"}}
[debug] [2026-05-17T20:22:15.258Z] [create-default-europe-west2-orderReadyNotification] Retrying task index 0
[debug] [2026-05-17T20:22:15.259Z] Checked if tokens are valid: true, expires at: 1779051865732
[debug] [2026-05-17T20:22:15.259Z] Checked if tokens are valid: true, expires at: 1779051865732
[debug] [2026-05-17T20:22:15.259Z] >>> [apiv2][query] GET https://cloudfunctions.googleapis.com/v1/operations/cHJvamVjdHMvc3RhbGxpcS9sb2NhdGlvbnMvZXVyb3BlLXdlc3QyL29wZXJhdGlvbnMvb3BlcmF0aW9uLTE3NzkwNDkzMTU5NDMtNjUyMDkzMjgzYzMyYi03MGUzMzRjNS04MDhjODU5Ng [none]
[debug] [2026-05-17T20:22:15.346Z] <<< [apiv2][status] GET https://cloudfunctions.googleapis.com/v1/operations/cHJvamVjdHMvc3RhbGxpcS9sb2NhdGlvbnMvZXVyb3BlLXdlc3QyL29wZXJhdGlvbnMvb3BlcmF0aW9uLTE3NzkwNDkzMTU5NDMtNjUyMDkzMjgzYzMyYi03MGUzMzRjNS04MDhjODU5Ng 200
[debug] [2026-05-17T20:22:15.346Z] <<< [apiv2][body] GET https://cloudfunctions.googleapis.com/v1/operations/cHJvamVjdHMvc3RhbGxpcS9sb2NhdGlvbnMvZXVyb3BlLXdlc3QyL29wZXJhdGlvbnMvb3BlcmF0aW9uLTE3NzkwNDkzMTU5NDMtNjUyMDkzMjgzYzMyYi03MGUzMzRjNS04MDhjODU5Ng {"name":"operations/cHJvamVjdHMvc3RhbGxpcS9sb2NhdGlvbnMvZXVyb3BlLXdlc3QyL29wZXJhdGlvbnMvb3BlcmF0aW9uLTE3NzkwNDkzMTU5NDMtNjUyMDkzMjgzYzMyYi03MGUzMzRjNS04MDhjODU5Ng","metadata":{"@type":"type.googleapis.com/google.cloud.functions.v1.OperationMetadataV1","target":"projects/stalliq/locations/europe-west2/functions/orderReadyNotification","type":"CREATE_FUNCTION","request":{"@type":"type.googleapis.com/google.cloud.functions.v1.CloudFunction","name":"projects/stalliq/locations/europe-west2/functions/orderReadyNotification","eventTrigger":{"eventType":"providers/cloud.firestore/eventTypes/document.update","resource":"projects/stalliq/databases/(default)/documents/orders/{orderId}","failurePolicy":{}},"entryPoint":"orderReadyNotification","updateTime":"1970-01-01T00:00:00Z","labels":{"deployment-tool":"cli-firebase","firebase-functions-hash":"be9795cf7c9e9ff1c60c67de05d5a8d7c4395611"},"sourceUploadUrl":"https://storage.googleapis.com/uploads-923597801757.europe-west2.cloudfunctions.appspot.com/b36345e2-d7e3-413c-bc6b-fabba8f05370.zip?GoogleAccessId=service-619290110631@gcf-admin-robot.iam.gserviceaccount.com&Expires=1779051115&Signature=LWnMBuIje2BVKjy9ipUvRMQfv7D53Gz%2F%2BF9nJsb6el%2BImWZ400IwNBqSqkmN92%2BoHfJtlGQmH75ohvfAXjhKPjjF9Cl9ux14IwA%2FdKumtt9%2BWtaIRlZ%2Fk9B3rhHg3rRoPr5TDD%2F6mUj8dJzwMY4bfAplKAb4nfvmPUBFtZDYlDcGE%2BusBmvsP7qzT%2B%2FeWLfoW2Gmqxy4S1%2BNRuGIKb9tu9a1WGtwAi7NoqmbcUV4K1HNGzEDCoPcZcb%2FE1GZ7YPUQfgDfKGG4HtG%2BgYnZxJVV552yV%2FeQG%2FIeE3j2nX%2BsTiyRH0sa1CkUMCWSkG3RwQynkhxDzFNI%2BcBo6zDu1Q5YA%3D%3D","environmentVariables":{"TWILIO_ACCOUNT_SID":"ACxxxxxxxxxxxxxxxxxxxxxxxxxxxxxxxx","TWILIO_AUTH_TOKEN":"your_auth_token_here","TWILIO_WHATSAPP_FROM":"whatsapp:+44XXXXXXXXXX","TWILIO_SMS_FROM":"+44XXXXXXXXXX","TWILIO_TEMPLATE_SID":"HXb0f2b4e74995392bf1f82095d577036c","FIREBASE_CONFIG":"{\"projectId\":\"stalliq\",\"storageBucket\":\"stalliq.firebasestorage.app\"}","GCLOUD_PROJECT":"stalliq","EVENTARC_CLOUD_EVENT_SOURCE":"projects/stalliq/locations/europe-west2/functions/orderReadyNotification"},"runtime":"nodejs20","buildEnvironmentVariables":{"GOOGLE_NODE_RUN_SCRIPTS":""},"dockerRegistry":"ARTIFACT_REGISTRY"},"versionId":"1","updateTime":"2026-05-17T20:21:56.451037491Z"}}
[debug] [2026-05-17T20:22:25.350Z] [create-default-europe-west2-orderReadyNotification] Retrying task index 0
[debug] [2026-05-17T20:22:25.351Z] Checked if tokens are valid: true, expires at: 1779051865732
[debug] [2026-05-17T20:22:25.351Z] Checked if tokens are valid: true, expires at: 1779051865732
[debug] [2026-05-17T20:22:25.351Z] >>> [apiv2][query] GET https://cloudfunctions.googleapis.com/v1/operations/cHJvamVjdHMvc3RhbGxpcS9sb2NhdGlvbnMvZXVyb3BlLXdlc3QyL29wZXJhdGlvbnMvb3BlcmF0aW9uLTE3NzkwNDkzMTU5NDMtNjUyMDkzMjgzYzMyYi03MGUzMzRjNS04MDhjODU5Ng [none]
[debug] [2026-05-17T20:22:25.437Z] <<< [apiv2][status] GET https://cloudfunctions.googleapis.com/v1/operations/cHJvamVjdHMvc3RhbGxpcS9sb2NhdGlvbnMvZXVyb3BlLXdlc3QyL29wZXJhdGlvbnMvb3BlcmF0aW9uLTE3NzkwNDkzMTU5NDMtNjUyMDkzMjgzYzMyYi03MGUzMzRjNS04MDhjODU5Ng 200
[debug] [2026-05-17T20:22:25.437Z] <<< [apiv2][body] GET https://cloudfunctions.googleapis.com/v1/operations/cHJvamVjdHMvc3RhbGxpcS9sb2NhdGlvbnMvZXVyb3BlLXdlc3QyL29wZXJhdGlvbnMvb3BlcmF0aW9uLTE3NzkwNDkzMTU5NDMtNjUyMDkzMjgzYzMyYi03MGUzMzRjNS04MDhjODU5Ng {"name":"operations/cHJvamVjdHMvc3RhbGxpcS9sb2NhdGlvbnMvZXVyb3BlLXdlc3QyL29wZXJhdGlvbnMvb3BlcmF0aW9uLTE3NzkwNDkzMTU5NDMtNjUyMDkzMjgzYzMyYi03MGUzMzRjNS04MDhjODU5Ng","metadata":{"@type":"type.googleapis.com/google.cloud.functions.v1.OperationMetadataV1","target":"projects/stalliq/locations/europe-west2/functions/orderReadyNotification","type":"CREATE_FUNCTION","request":{"@type":"type.googleapis.com/google.cloud.functions.v1.CloudFunction","name":"projects/stalliq/locations/europe-west2/functions/orderReadyNotification","eventTrigger":{"eventType":"providers/cloud.firestore/eventTypes/document.update","resource":"projects/stalliq/databases/(default)/documents/orders/{orderId}","failurePolicy":{}},"entryPoint":"orderReadyNotification","updateTime":"1970-01-01T00:00:00Z","labels":{"deployment-tool":"cli-firebase","firebase-functions-hash":"be9795cf7c9e9ff1c60c67de05d5a8d7c4395611"},"sourceUploadUrl":"https://storage.googleapis.com/uploads-923597801757.europe-west2.cloudfunctions.appspot.com/b36345e2-d7e3-413c-bc6b-fabba8f05370.zip?GoogleAccessId=service-619290110631@gcf-admin-robot.iam.gserviceaccount.com&Expires=1779051115&Signature=LWnMBuIje2BVKjy9ipUvRMQfv7D53Gz%2F%2BF9nJsb6el%2BImWZ400IwNBqSqkmN92%2BoHfJtlGQmH75ohvfAXjhKPjjF9Cl9ux14IwA%2FdKumtt9%2BWtaIRlZ%2Fk9B3rhHg3rRoPr5TDD%2F6mUj8dJzwMY4bfAplKAb4nfvmPUBFtZDYlDcGE%2BusBmvsP7qzT%2B%2FeWLfoW2Gmqxy4S1%2BNRuGIKb9tu9a1WGtwAi7NoqmbcUV4K1HNGzEDCoPcZcb%2FE1GZ7YPUQfgDfKGG4HtG%2BgYnZxJVV552yV%2FeQG%2FIeE3j2nX%2BsTiyRH0sa1CkUMCWSkG3RwQynkhxDzFNI%2BcBo6zDu1Q5YA%3D%3D","environmentVariables":{"TWILIO_ACCOUNT_SID":"ACxxxxxxxxxxxxxxxxxxxxxxxxxxxxxxxx","TWILIO_AUTH_TOKEN":"your_auth_token_here","TWILIO_WHATSAPP_FROM":"whatsapp:+44XXXXXXXXXX","TWILIO_SMS_FROM":"+44XXXXXXXXXX","TWILIO_TEMPLATE_SID":"HXb0f2b4e74995392bf1f82095d577036c","FIREBASE_CONFIG":"{\"projectId\":\"stalliq\",\"storageBucket\":\"stalliq.firebasestorage.app\"}","GCLOUD_PROJECT":"stalliq","EVENTARC_CLOUD_EVENT_SOURCE":"projects/stalliq/locations/europe-west2/functions/orderReadyNotification"},"runtime":"nodejs20","buildEnvironmentVariables":{"GOOGLE_NODE_RUN_SCRIPTS":""},"dockerRegistry":"ARTIFACT_REGISTRY"},"versionId":"1","updateTime":"2026-05-17T20:21:56.451037491Z","buildId":"571f3e6e-68fe-4d74-9f6e-fb4fc194490b","buildName":"projects/619290110631/locations/europe-west2/builds/571f3e6e-68fe-4d74-9f6e-fb4fc194490b"}}
[debug] [2026-05-17T20:22:35.449Z] [create-default-europe-west2-orderReadyNotification] Retrying task index 0
[debug] [2026-05-17T20:22:35.449Z] Checked if tokens are valid: true, expires at: 1779051865732
[debug] [2026-05-17T20:22:35.450Z] Checked if tokens are valid: true, expires at: 1779051865732
[debug] [2026-05-17T20:22:35.450Z] >>> [apiv2][query] GET https://cloudfunctions.googleapis.com/v1/operations/cHJvamVjdHMvc3RhbGxpcS9sb2NhdGlvbnMvZXVyb3BlLXdlc3QyL29wZXJhdGlvbnMvb3BlcmF0aW9uLTE3NzkwNDkzMTU5NDMtNjUyMDkzMjgzYzMyYi03MGUzMzRjNS04MDhjODU5Ng [none]
[debug] [2026-05-17T20:22:35.561Z] <<< [apiv2][status] GET https://cloudfunctions.googleapis.com/v1/operations/cHJvamVjdHMvc3RhbGxpcS9sb2NhdGlvbnMvZXVyb3BlLXdlc3QyL29wZXJhdGlvbnMvb3BlcmF0aW9uLTE3NzkwNDkzMTU5NDMtNjUyMDkzMjgzYzMyYi03MGUzMzRjNS04MDhjODU5Ng 200
[debug] [2026-05-17T20:22:35.561Z] <<< [apiv2][body] GET https://cloudfunctions.googleapis.com/v1/operations/cHJvamVjdHMvc3RhbGxpcS9sb2NhdGlvbnMvZXVyb3BlLXdlc3QyL29wZXJhdGlvbnMvb3BlcmF0aW9uLTE3NzkwNDkzMTU5NDMtNjUyMDkzMjgzYzMyYi03MGUzMzRjNS04MDhjODU5Ng {"name":"operations/cHJvamVjdHMvc3RhbGxpcS9sb2NhdGlvbnMvZXVyb3BlLXdlc3QyL29wZXJhdGlvbnMvb3BlcmF0aW9uLTE3NzkwNDkzMTU5NDMtNjUyMDkzMjgzYzMyYi03MGUzMzRjNS04MDhjODU5Ng","metadata":{"@type":"type.googleapis.com/google.cloud.functions.v1.OperationMetadataV1","target":"projects/stalliq/locations/europe-west2/functions/orderReadyNotification","type":"CREATE_FUNCTION","request":{"@type":"type.googleapis.com/google.cloud.functions.v1.CloudFunction","name":"projects/stalliq/locations/europe-west2/functions/orderReadyNotification","eventTrigger":{"eventType":"providers/cloud.firestore/eventTypes/document.update","resource":"projects/stalliq/databases/(default)/documents/orders/{orderId}","failurePolicy":{}},"entryPoint":"orderReadyNotification","updateTime":"1970-01-01T00:00:00Z","labels":{"deployment-tool":"cli-firebase","firebase-functions-hash":"be9795cf7c9e9ff1c60c67de05d5a8d7c4395611"},"sourceUploadUrl":"https://storage.googleapis.com/uploads-923597801757.europe-west2.cloudfunctions.appspot.com/b36345e2-d7e3-413c-bc6b-fabba8f05370.zip?GoogleAccessId=service-619290110631@gcf-admin-robot.iam.gserviceaccount.com&Expires=1779051115&Signature=LWnMBuIje2BVKjy9ipUvRMQfv7D53Gz%2F%2BF9nJsb6el%2BImWZ400IwNBqSqkmN92%2BoHfJtlGQmH75ohvfAXjhKPjjF9Cl9ux14IwA%2FdKumtt9%2BWtaIRlZ%2Fk9B3rhHg3rRoPr5TDD%2F6mUj8dJzwMY4bfAplKAb4nfvmPUBFtZDYlDcGE%2BusBmvsP7qzT%2B%2FeWLfoW2Gmqxy4S1%2BNRuGIKb9tu9a1WGtwAi7NoqmbcUV4K1HNGzEDCoPcZcb%2FE1GZ7YPUQfgDfKGG4HtG%2BgYnZxJVV552yV%2FeQG%2FIeE3j2nX%2BsTiyRH0sa1CkUMCWSkG3RwQynkhxDzFNI%2BcBo6zDu1Q5YA%3D%3D","environmentVariables":{"TWILIO_ACCOUNT_SID":"ACxxxxxxxxxxxxxxxxxxxxxxxxxxxxxxxx","TWILIO_AUTH_TOKEN":"your_auth_token_here","TWILIO_WHATSAPP_FROM":"whatsapp:+44XXXXXXXXXX","TWILIO_SMS_FROM":"+44XXXXXXXXXX","TWILIO_TEMPLATE_SID":"HXb0f2b4e74995392bf1f82095d577036c","FIREBASE_CONFIG":"{\"projectId\":\"stalliq\",\"storageBucket\":\"stalliq.firebasestorage.app\"}","GCLOUD_PROJECT":"stalliq","EVENTARC_CLOUD_EVENT_SOURCE":"projects/stalliq/locations/europe-west2/functions/orderReadyNotification"},"runtime":"nodejs20","buildEnvironmentVariables":{"GOOGLE_NODE_RUN_SCRIPTS":""},"dockerRegistry":"ARTIFACT_REGISTRY"},"versionId":"1","updateTime":"2026-05-17T20:21:56.451037491Z","buildId":"571f3e6e-68fe-4d74-9f6e-fb4fc194490b","buildName":"projects/619290110631/locations/europe-west2/builds/571f3e6e-68fe-4d74-9f6e-fb4fc194490b"}}
[debug] [2026-05-17T20:22:45.577Z] [create-default-europe-west2-orderReadyNotification] Retrying task index 0
[debug] [2026-05-17T20:22:45.577Z] Checked if tokens are valid: true, expires at: 1779051865732
[debug] [2026-05-17T20:22:45.577Z] Checked if tokens are valid: true, expires at: 1779051865732
[debug] [2026-05-17T20:22:45.577Z] >>> [apiv2][query] GET https://cloudfunctions.googleapis.com/v1/operations/cHJvamVjdHMvc3RhbGxpcS9sb2NhdGlvbnMvZXVyb3BlLXdlc3QyL29wZXJhdGlvbnMvb3BlcmF0aW9uLTE3NzkwNDkzMTU5NDMtNjUyMDkzMjgzYzMyYi03MGUzMzRjNS04MDhjODU5Ng [none]
[debug] [2026-05-17T20:22:45.669Z] <<< [apiv2][status] GET https://cloudfunctions.googleapis.com/v1/operations/cHJvamVjdHMvc3RhbGxpcS9sb2NhdGlvbnMvZXVyb3BlLXdlc3QyL29wZXJhdGlvbnMvb3BlcmF0aW9uLTE3NzkwNDkzMTU5NDMtNjUyMDkzMjgzYzMyYi03MGUzMzRjNS04MDhjODU5Ng 200
[debug] [2026-05-17T20:22:45.669Z] <<< [apiv2][body] GET https://cloudfunctions.googleapis.com/v1/operations/cHJvamVjdHMvc3RhbGxpcS9sb2NhdGlvbnMvZXVyb3BlLXdlc3QyL29wZXJhdGlvbnMvb3BlcmF0aW9uLTE3NzkwNDkzMTU5NDMtNjUyMDkzMjgzYzMyYi03MGUzMzRjNS04MDhjODU5Ng {"name":"operations/cHJvamVjdHMvc3RhbGxpcS9sb2NhdGlvbnMvZXVyb3BlLXdlc3QyL29wZXJhdGlvbnMvb3BlcmF0aW9uLTE3NzkwNDkzMTU5NDMtNjUyMDkzMjgzYzMyYi03MGUzMzRjNS04MDhjODU5Ng","metadata":{"@type":"type.googleapis.com/google.cloud.functions.v1.OperationMetadataV1","target":"projects/stalliq/locations/europe-west2/functions/orderReadyNotification","type":"CREATE_FUNCTION","request":{"@type":"type.googleapis.com/google.cloud.functions.v1.CloudFunction","name":"projects/stalliq/locations/europe-west2/functions/orderReadyNotification","eventTrigger":{"eventType":"providers/cloud.firestore/eventTypes/document.update","resource":"projects/stalliq/databases/(default)/documents/orders/{orderId}","failurePolicy":{}},"entryPoint":"orderReadyNotification","updateTime":"1970-01-01T00:00:00Z","labels":{"deployment-tool":"cli-firebase","firebase-functions-hash":"be9795cf7c9e9ff1c60c67de05d5a8d7c4395611"},"sourceUploadUrl":"https://storage.googleapis.com/uploads-923597801757.europe-west2.cloudfunctions.appspot.com/b36345e2-d7e3-413c-bc6b-fabba8f05370.zip?GoogleAccessId=service-619290110631@gcf-admin-robot.iam.gserviceaccount.com&Expires=1779051115&Signature=LWnMBuIje2BVKjy9ipUvRMQfv7D53Gz%2F%2BF9nJsb6el%2BImWZ400IwNBqSqkmN92%2BoHfJtlGQmH75ohvfAXjhKPjjF9Cl9ux14IwA%2FdKumtt9%2BWtaIRlZ%2Fk9B3rhHg3rRoPr5TDD%2F6mUj8dJzwMY4bfAplKAb4nfvmPUBFtZDYlDcGE%2BusBmvsP7qzT%2B%2FeWLfoW2Gmqxy4S1%2BNRuGIKb9tu9a1WGtwAi7NoqmbcUV4K1HNGzEDCoPcZcb%2FE1GZ7YPUQfgDfKGG4HtG%2BgYnZxJVV552yV%2FeQG%2FIeE3j2nX%2BsTiyRH0sa1CkUMCWSkG3RwQynkhxDzFNI%2BcBo6zDu1Q5YA%3D%3D","environmentVariables":{"TWILIO_ACCOUNT_SID":"ACxxxxxxxxxxxxxxxxxxxxxxxxxxxxxxxx","TWILIO_AUTH_TOKEN":"your_auth_token_here","TWILIO_WHATSAPP_FROM":"whatsapp:+44XXXXXXXXXX","TWILIO_SMS_FROM":"+44XXXXXXXXXX","TWILIO_TEMPLATE_SID":"HXb0f2b4e74995392bf1f82095d577036c","FIREBASE_CONFIG":"{\"projectId\":\"stalliq\",\"storageBucket\":\"stalliq.firebasestorage.app\"}","GCLOUD_PROJECT":"stalliq","EVENTARC_CLOUD_EVENT_SOURCE":"projects/stalliq/locations/europe-west2/functions/orderReadyNotification"},"runtime":"nodejs20","buildEnvironmentVariables":{"GOOGLE_NODE_RUN_SCRIPTS":""},"dockerRegistry":"ARTIFACT_REGISTRY"},"versionId":"1","updateTime":"2026-05-17T20:22:42.650115956Z","buildId":"571f3e6e-68fe-4d74-9f6e-fb4fc194490b","buildName":"projects/619290110631/locations/europe-west2/builds/571f3e6e-68fe-4d74-9f6e-fb4fc194490b"},"done":true,"error":{"code":3,"message":"Gen1 operation for function projects/stalliq/locations/europe-west2/functions/orderReadyNotification failed: Build failed: npm error code EUSAGE\nnpm error\nnpm error `npm ci` can only install packages when your package.json and package-lock.json or npm-shrinkwrap.json are in sync. Please update your lock file with `npm install` before continuing.\nnpm error\nnpm error Missing: @types/node@25.8.0 from lock file\nnpm error Missing: undici-types@7.24.6 from lock file\nnpm error\nnpm error Clean install a project\nnpm error\nnpm error Usage:\nnpm error npm ci\nnpm error\nnpm error Options:\nnpm error [--install-strategy <hoisted|nested|shallow|linked>] [--legacy-bundling]\nnpm error [--global-style] [--omit <dev|optional|peer> [--omit <dev|optional|peer> ...]]\nnpm error [--include <prod|dev|optional|peer> [--include <prod|dev|optional|peer> ...]]\nnpm error [--strict-peer-deps] [--foreground-scripts] [--ignore-scripts] [--no-audit]\nnpm error [--no-bin-links] [--no-fund] [--dry-run]\nnpm error [-w|--workspace <workspace-name> [-w|--workspace <workspace-name> ...]]\nnpm error [-ws|--workspaces] [--include-workspace-root] [--install-links]\nnpm error\nnpm error aliases: clean-install, ic, install-clean, isntall-clean\nnpm error\nnpm error Run \"npm help ci\" for more info\nnpm error A complete log of this run can be found in: /www-data-home/.npm/_logs/2026-05-17T20_22_26_138Z-debug-0.log; Error ID: 7fa33aaa."}}
[debug] [2026-05-17T20:22:45.669Z] Got source token undefined for region europe-west2
[error] Gen1 operation for function projects/stalliq/locations/europe-west2/functions/orderReadyNotification failed: Build failed: npm error code EUSAGE
npm error
npm error `npm ci` can only install packages when your package.json and package-lock.json or npm-shrinkwrap.json are in sync. Please update your lock file with `npm install` before continuing.
npm error
npm error Missing: @types/node@25.8.0 from lock file
npm error Missing: undici-types@7.24.6 from lock file
npm error
npm error Clean install a project
npm error
npm error Usage:
npm error npm ci
npm error
npm error Options:
npm error [--install-strategy <hoisted|nested|shallow|linked>] [--legacy-bundling]
npm error [--global-style] [--omit <dev|optional|peer> [--omit <dev|optional|peer> ...]]
npm error [--include <prod|dev|optional|peer> [--include <prod|dev|optional|peer> ...]]
npm error [--strict-peer-deps] [--foreground-scripts] [--ignore-scripts] [--no-audit]
npm error [--no-bin-links] [--no-fund] [--dry-run]
npm error [-w|--workspace <workspace-name> [-w|--workspace <workspace-name> ...]]
npm error [-ws|--workspaces] [--include-workspace-root] [--install-links]
npm error
npm error aliases: clean-install, ic, install-clean, isntall-clean
npm error
npm error Run "npm help ci" for more info
npm error A complete log of this run can be found in: /www-data-home/.npm/_logs/2026-05-17T20_22_26_138Z-debug-0.log; Error ID: 7fa33aaa.
[warn] !  functions: Deploys failed. Skipping deletes. 
[debug] [2026-05-17T20:22:45.680Z] Total Function Deployment time: 47112
[debug] [2026-05-17T20:22:45.680Z] 1 Functions Deployed
[debug] [2026-05-17T20:22:45.680Z] 1 Functions Errored
[debug] [2026-05-17T20:22:45.680Z] 0 Function Deployments Aborted
[debug] [2026-05-17T20:22:45.681Z] Average Function Deployment time: 47110
[info] 
[info] Functions deploy had errors with the following functions:
	orderReadyNotification(europe-west2)
[debug] [2026-05-17T20:22:45.731Z] Checked if tokens are valid: true, expires at: 1779051865732
[debug] [2026-05-17T20:22:45.731Z] Checked if tokens are valid: true, expires at: 1779051865732
[debug] [2026-05-17T20:22:45.731Z] >>> [apiv2][query] GET https://artifactregistry.googleapis.com/v1/projects/stalliq/locations/europe-west2/repositories/gcf-artifacts [none]
[debug] [2026-05-17T20:22:45.912Z] <<< [apiv2][status] GET https://artifactregistry.googleapis.com/v1/projects/stalliq/locations/europe-west2/repositories/gcf-artifacts 200
[debug] [2026-05-17T20:22:45.913Z] <<< [apiv2][body] GET https://artifactregistry.googleapis.com/v1/projects/stalliq/locations/europe-west2/repositories/gcf-artifacts {"name":"projects/stalliq/locations/europe-west2/repositories/gcf-artifacts","format":"DOCKER","description":"This repository is created and used by Cloud Functions for storing function docker images.","labels":{"goog-managed-by":"cloudfunctions"},"createTime":"2026-05-17T20:22:11.814137Z","updateTime":"2026-05-17T20:22:11.814137Z","mode":"STANDARD_REPOSITORY","satisfiesPzs":true,"vulnerabilityScanningConfig":{"lastEnableTime":"2026-05-17T20:21:59.852075680Z","enablementState":"SCANNING_DISABLED","enablementStateReason":"API containerscanning.googleapis.com is not enabled."},"satisfiesPzi":true,"registryUri":"europe-west2-docker.pkg.dev/stalliq/gcf-artifacts"}
[warn] !  functions: No cleanup policy detected for repositories in europe-west2. This may result in a small monthly bill as container images accumulate over time. 
[info] i  functions: Configuring cleanup policy for repository in europe-west2. Images older than 1 days will be automatically deleted. 
[debug] [2026-05-17T20:24:01.130Z] Setting up artifact cleanup policy for region europe-west2
[debug] [2026-05-17T20:24:01.131Z] Checked if tokens are valid: true, expires at: 1779051865732
[debug] [2026-05-17T20:24:01.131Z] Checked if tokens are valid: true, expires at: 1779051865732
[debug] [2026-05-17T20:24:01.131Z] >>> [apiv2][query] PATCH https://artifactregistry.googleapis.com/v1/projects/stalliq/locations/europe-west2/repositories/gcf-artifacts updateMask=name%2CcleanupPolicies%2CcleanupPolicyDryRun%2Clabels
[debug] [2026-05-17T20:24:01.131Z] >>> [apiv2][body] PATCH https://artifactregistry.googleapis.com/v1/projects/stalliq/locations/europe-west2/repositories/gcf-artifacts {"name":"projects/stalliq/locations/europe-west2/repositories/gcf-artifacts","cleanupPolicies":{"firebase-functions-cleanup":{"id":"firebase-functions-cleanup","condition":{"tagState":"ANY","olderThan":"86400s"},"action":"DELETE"}},"cleanupPolicyDryRun":false,"labels":{"goog-managed-by":"cloudfunctions"}}
[debug] [2026-05-17T20:24:01.356Z] <<< [apiv2][status] PATCH https://artifactregistry.googleapis.com/v1/projects/stalliq/locations/europe-west2/repositories/gcf-artifacts 200
[debug] [2026-05-17T20:24:01.356Z] <<< [apiv2][body] PATCH https://artifactregistry.googleapis.com/v1/projects/stalliq/locations/europe-west2/repositories/gcf-artifacts {"name":"projects/stalliq/locations/europe-west2/repositories/gcf-artifacts","format":"DOCKER","description":"This repository is created and used by Cloud Functions for storing function docker images.","labels":{"goog-managed-by":"cloudfunctions"},"createTime":"2026-05-17T20:22:11.814137Z","updateTime":"2026-05-17T20:23:58.620139Z","mode":"STANDARD_REPOSITORY","cleanupPolicies":{"firebase-functions-cleanup":{"id":"firebase-functions-cleanup","action":"DELETE","condition":{"tagState":"ANY","olderThan":"86400s"}}},"satisfiesPzs":true,"vulnerabilityScanningConfig":{"lastEnableTime":"2026-05-17T20:21:59.852075680Z","enablementState":"SCANNING_DISABLED","enablementStateReason":"API containerscanning.googleapis.com is not enabled."},"satisfiesPzi":true}
[info] i  functions: Configured cleanup policy for repository in europe-west2. 
[debug] [2026-05-17T20:24:01.357Z] Functions deploy failed.
[debug] [2026-05-17T20:24:01.357Z] {
  "endpoint": {
    "id": "orderReadyNotification",
    "project": "stalliq",
    "region": "europe-west2",
    "entryPoint": "orderReadyNotification",
    "platform": "gcfv1",
    "runtime": "nodejs20",
    "eventTrigger": {
      "eventType": "providers/cloud.firestore/eventTypes/document.update",
      "retry": false,
      "eventFilters": {
        "resource": "projects/stalliq/databases/(default)/documents/orders/{orderId}"
      }
    },
    "labels": {
      "deployment-tool": "cli-firebase"
    },
    "serviceAccount": null,
    "ingressSettings": null,
    "availableMemoryMb": null,
    "timeoutSeconds": null,
    "maxInstances": null,
    "minInstances": null,
    "vpc": null,
    "environmentVariables": {
      "TWILIO_ACCOUNT_SID": "ACxxxxxxxxxxxxxxxxxxxxxxxxxxxxxxxx",
      "TWILIO_AUTH_TOKEN": "your_auth_token_here",
      "TWILIO_WHATSAPP_FROM": "whatsapp:+44XXXXXXXXXX",
      "TWILIO_SMS_FROM": "+44XXXXXXXXXX",
      "TWILIO_TEMPLATE_SID": "HXb0f2b4e74995392bf1f82095d577036c",
      "FIREBASE_CONFIG": "{\"projectId\":\"stalliq\",\"storageBucket\":\"stalliq.firebasestorage.app\"}",
      "GCLOUD_PROJECT": "stalliq",
      "EVENTARC_CLOUD_EVENT_SOURCE": "projects/stalliq/locations/europe-west2/functions/orderReadyNotification"
    },
    "codebase": "default",
    "targetedByOnly": false,
    "hash": "be9795cf7c9e9ff1c60c67de05d5a8d7c4395611"
  },
  "op": "create",
  "original": {
    "name": "FirebaseError",
    "children": [],
    "exit": 1,
    "message": "Gen1 operation for function projects/stalliq/locations/europe-west2/functions/orderReadyNotification failed: Build failed: npm error code EUSAGE\nnpm error\nnpm error `npm ci` can only install packages when your package.json and package-lock.json or npm-shrinkwrap.json are in sync. Please update your lock file with `npm install` before continuing.\nnpm error\nnpm error Missing: @types/node@25.8.0 from lock file\nnpm error Missing: undici-types@7.24.6 from lock file\nnpm error\nnpm error Clean install a project\nnpm error\nnpm error Usage:\nnpm error npm ci\nnpm error\nnpm error Options:\nnpm error [--install-strategy <hoisted|nested|shallow|linked>] [--legacy-bundling]\nnpm error [--global-style] [--omit <dev|optional|peer> [--omit <dev|optional|peer> ...]]\nnpm error [--include <prod|dev|optional|peer> [--include <prod|dev|optional|peer> ...]]\nnpm error [--strict-peer-deps] [--foreground-scripts] [--ignore-scripts] [--no-audit]\nnpm error [--no-bin-links] [--no-fund] [--dry-run]\nnpm error [-w|--workspace <workspace-name> [-w|--workspace <workspace-name> ...]]\nnpm error [-ws|--workspaces] [--include-workspace-root] [--install-links]\nnpm error\nnpm error aliases: clean-install, ic, install-clean, isntall-clean\nnpm error\nnpm error Run \"npm help ci\" for more info\nnpm error A complete log of this run can be found in: /www-data-home/.npm/_logs/2026-05-17T20_22_26_138Z-debug-0.log; Error ID: 7fa33aaa.",
    "original": {
      "code": 3,
      "message": "Gen1 operation for function projects/stalliq/locations/europe-west2/functions/orderReadyNotification failed: Build failed: npm error code EUSAGE\nnpm error\nnpm error `npm ci` can only install packages when your package.json and package-lock.json or npm-shrinkwrap.json are in sync. Please update your lock file with `npm install` before continuing.\nnpm error\nnpm error Missing: @types/node@25.8.0 from lock file\nnpm error Missing: undici-types@7.24.6 from lock file\nnpm error\nnpm error Clean install a project\nnpm error\nnpm error Usage:\nnpm error npm ci\nnpm error\nnpm error Options:\nnpm error [--install-strategy <hoisted|nested|shallow|linked>] [--legacy-bundling]\nnpm error [--global-style] [--omit <dev|optional|peer> [--omit <dev|optional|peer> ...]]\nnpm error [--include <prod|dev|optional|peer> [--include <prod|dev|optional|peer> ...]]\nnpm error [--strict-peer-deps] [--foreground-scripts] [--ignore-scripts] [--no-audit]\nnpm error [--no-bin-links] [--no-fund] [--dry-run]\nnpm error [-w|--workspace <workspace-name> [-w|--workspace <workspace-name> ...]]\nnpm error [-ws|--workspaces] [--include-workspace-root] [--install-links]\nnpm error\nnpm error aliases: clean-install, ic, install-clean, isntall-clean\nnpm error\nnpm error Run \"npm help ci\" for more info\nnpm error A complete log of this run can be found in: /www-data-home/.npm/_logs/2026-05-17T20_22_26_138Z-debug-0.log; Error ID: 7fa33aaa."
    },
    "status": 3,
    "code": 3
  }
}
[debug] [2026-05-17T20:24:01.407Z] Error: Failed to create function orderReadyNotification in region europe-west2
    at C:\Users\julia\AppData\Roaming\npm\node_modules\firebase-tools\lib\deploy\functions\release\fabricator.js:54:11
    at process.processTicksAndRejections (node:internal/process/task_queues:103:5)
    at async Fabricator.createV1Function (C:\Users\julia\AppData\Roaming\npm\node_modules\firebase-tools\lib\deploy\functions\release\fabricator.js:207:32)
    at async Fabricator.createEndpoint (C:\Users\julia\AppData\Roaming\npm\node_modules\firebase-tools\lib\deploy\functions\release\fabricator.js:150:13)
    at async Fabricator.wrapOperation (C:\Users\julia\AppData\Roaming\npm\node_modules\firebase-tools\lib\deploy\functions\release\fabricator.js:138:13)
    at async Promise.all (index 0)
    at async Promise.allSettled (index 0)
    at async Fabricator.applyPlan (C:\Users\julia\AppData\Roaming\npm\node_modules\firebase-tools\lib\deploy\functions\release\fabricator.js:77:45)
    at async release (C:\Users\julia\AppData\Roaming\npm\node_modules\firebase-tools\lib\deploy\functions\release\index.js:87:21)
    at async chain (C:\Users\julia\AppData\Roaming\npm\node_modules\firebase-tools\lib\deploy\index.js:45:9)
[error] 
[error] Error: There was an error deploying functions
